✨ Pixi task (run_retina_train): mojo -I ../../BIONIX-ML run_retina_train.mojo
Included from /mnt/c/PROJETOS/BIONIX/BIONIX-ML-VIVAZ/src/run_retina_train.mojo:3:
Included from /mnt/c/PROJETOS/BIONIX/BIONIX-ML-VIVAZ/src/retina/retina_model.mojo:420:
/mnt/c/PROJETOS/BIONIX/BIONIX-ML-VIVAZ/src/retina/retina_trainer.mojo:260:28: warning: 'List' is no longer implicitly copyable, because it is O(n) expensive; this warning will be an error in the next release of Mojo
                var (labels, targets) = assigner.assignar_anchors(anchors, gt_list^).copy()
                     ~~~~~~^
Included from /mnt/c/PROJETOS/BIONIX/BIONIX-ML-VIVAZ/src/run_retina_train.mojo:3:
Included from /mnt/c/PROJETOS/BIONIX/BIONIX-ML-VIVAZ/src/retina/retina_model.mojo:420:
/mnt/c/PROJETOS/BIONIX/BIONIX-ML-VIVAZ/src/retina/retina_trainer.mojo:260:28: note: consider transferring the value with '^'
                var (labels, targets) = assigner.assignar_anchors(anchors, gt_list^).copy()
                           ^
                            ^
Included from /mnt/c/PROJETOS/BIONIX/BIONIX-ML-VIVAZ/src/run_retina_train.mojo:3:
Included from /mnt/c/PROJETOS/BIONIX/BIONIX-ML-VIVAZ/src/retina/retina_model.mojo:420:
/mnt/c/PROJETOS/BIONIX/BIONIX-ML-VIVAZ/src/retina/retina_trainer.mojo:260:28: note: you can copy it explicitly with '.copy()'
                var (labels, targets) = assigner.assignar_anchors(anchors, gt_list^).copy()
                           ^
                            .copy()
Included from /mnt/c/PROJETOS/BIONIX/BIONIX-ML-VIVAZ/src/run_retina_train.mojo:3:
Included from /mnt/c/PROJETOS/BIONIX/BIONIX-ML-VIVAZ/src/retina/retina_model.mojo:420:
/mnt/c/PROJETOS/BIONIX/BIONIX-ML-VIVAZ/src/retina/retina_trainer.mojo:260:28: warning: 'List' is no longer implicitly copyable, because it is O(n) expensive; this warning will be an error in the next release of Mojo
                var (labels, targets) = assigner.assignar_anchors(anchors, gt_list^).copy()
                     ~~~~~~^
Included from /mnt/c/PROJETOS/BIONIX/BIONIX-ML-VIVAZ/src/run_retina_train.mojo:3:
Included from /mnt/c/PROJETOS/BIONIX/BIONIX-ML-VIVAZ/src/retina/retina_model.mojo:420:
/mnt/c/PROJETOS/BIONIX/BIONIX-ML-VIVAZ/src/retina/retina_trainer.mojo:260:28: note: consider transferring the value with '^'
                var (labels, targets) = assigner.assignar_anchors(anchors, gt_list^).copy()
                           ^
                            ^
Included from /mnt/c/PROJETOS/BIONIX/BIONIX-ML-VIVAZ/src/run_retina_train.mojo:3:
Included from /mnt/c/PROJETOS/BIONIX/BIONIX-ML-VIVAZ/src/retina/retina_model.mojo:420:
/mnt/c/PROJETOS/BIONIX/BIONIX-ML-VIVAZ/src/retina/retina_trainer.mojo:260:28: note: you can copy it explicitly with '.copy()'
                var (labels, targets) = assigner.assignar_anchors(anchors, gt_list^).copy()
                           ^
                            .copy()
Included from /mnt/c/PROJETOS/BIONIX/BIONIX-ML-VIVAZ/src/run_retina_train.mojo:3:
Included from /mnt/c/PROJETOS/BIONIX/BIONIX-ML-VIVAZ/src/retina/retina_model.mojo:420:
/mnt/c/PROJETOS/BIONIX/BIONIX-ML-VIVAZ/src/retina/retina_trainer.mojo:468:92: warning: 'Bool' value is unused
                                detector.cabeca_classificacao_peso.carregar_dados_bytes_bin(raw_w_bytes.copy())
                                ~~~~~~~~~~~~~~~~~~~~~~~~~~~~~~~~~~~~~~~~~~~~~~~~~~~~~~~~~~~^~~~~~~~~~~~~~~~~~~~
                                _ = 
Included from /mnt/c/PROJETOS/BIONIX/BIONIX-ML-VIVAZ/src/run_retina_train.mojo:3:
Included from /mnt/c/PROJETOS/BIONIX/BIONIX-ML-VIVAZ/src/retina/retina_model.mojo:420:
/mnt/c/PROJETOS/BIONIX/BIONIX-ML-VIVAZ/src/retina/retina_trainer.mojo:470:92: warning: 'Bool' value is unused
                                detector.cabeca_classificacao_bias.carregar_dados_bytes_bin(raw_b_bytes.copy())
                                ~~~~~~~~~~~~~~~~~~~~~~~~~~~~~~~~~~~~~~~~~~~~~~~~~~~~~~~~~~~^~~~~~~~~~~~~~~~~~~~
                                _ = 
Included from /mnt/c/PROJETOS/BIONIX/BIONIX-ML-VIVAZ/src/run_retina_train.mojo:3:
Included from /mnt/c/PROJETOS/BIONIX/BIONIX-ML-VIVAZ/src/retina/retina_model.mojo:420:
/mnt/c/PROJETOS/BIONIX/BIONIX-ML-VIVAZ/src/retina/retina_trainer.mojo:495:50: warning: 'Bool' value is unused
                        uteis.gravar_texto_seguro(sample_path, String("\n").join(lines_out^))
                        ~~~~~~~~~~~~~~~~~~~~~~~~~^~~~~~~~~~~~~~~~~~~~~~~~~~~~~~~~~~~~~~~~~~~~
                        _ = 
Included from /mnt/c/PROJETOS/BIONIX/BIONIX-ML-VIVAZ/src/../../BIONIX-ML/bionix_ml/dados/__init__.mojo:1:
/mnt/c/PROJETOS/BIONIX/BIONIX-ML-VIVAZ/src/../../BIONIX-ML/bionix_ml/dados/__init__.mojo:53:48: warning: transfer from an owned value has no effect and can be removed
    return bmp.parse_bmp(caminho, BMP_MODO_RGB)^
                                               ^
                                               
Included from /mnt/c/PROJETOS/BIONIX/BIONIX-ML-VIVAZ/src/../../BIONIX-ML/bionix_ml/dados/__init__.mojo:1:
/mnt/c/PROJETOS/BIONIX/BIONIX-ML-VIVAZ/src/../../BIONIX-ML/bionix_ml/dados/__init__.mojo:57:75: warning: transfer from an owned value has no effect and can be removed
    return bmp.parse_bmp(caminho, BMP_MODO_RGB, altura_alvo, largura_alvo)^
                                                                          ^
                                                                          
Included from /mnt/c/PROJETOS/BIONIX/BIONIX-ML-VIVAZ/src/../../BIONIX-ML/bionix_ml/graficos/__init__.mojo:1:
/mnt/c/PROJETOS/BIONIX/BIONIX-ML-VIVAZ/src/../../BIONIX-ML/bionix_ml/graficos/bmp.mojo:91:51: warning: 'List' is no longer implicitly copyable, because it is O(n) expensive; this warning will be an error in the next release of Mojo
    return redimensionar_matriz_grayscale_nearest(origem, altura_alvo, largura_alvo)
                                                  ^~~~~~
Included from /mnt/c/PROJETOS/BIONIX/BIONIX-ML-VIVAZ/src/../../BIONIX-ML/bionix_ml/graficos/__init__.mojo:1:
/mnt/c/PROJETOS/BIONIX/BIONIX-ML-VIVAZ/src/../../BIONIX-ML/bionix_ml/graficos/bmp.mojo:91:51: note: consider transferring the value with '^'
    return redimensionar_matriz_grayscale_nearest(origem, altura_alvo, largura_alvo)
                                                  ^
                                                        ^
Included from /mnt/c/PROJETOS/BIONIX/BIONIX-ML-VIVAZ/src/../../BIONIX-ML/bionix_ml/graficos/__init__.mojo:1:
/mnt/c/PROJETOS/BIONIX/BIONIX-ML-VIVAZ/src/../../BIONIX-ML/bionix_ml/graficos/bmp.mojo:91:51: note: you can copy it explicitly with '.copy()'
    return redimensionar_matriz_grayscale_nearest(origem, altura_alvo, largura_alvo)
                                                  ^
                                                        .copy()
Included from /mnt/c/PROJETOS/BIONIX/BIONIX-ML-VIVAZ/src/run_retina_train.mojo:3:
Included from /mnt/c/PROJETOS/BIONIX/BIONIX-ML-VIVAZ/src/retina/retina_model.mojo:420:
Included from /mnt/c/PROJETOS/BIONIX/BIONIX-ML-VIVAZ/src/retina/retina_trainer.mojo:11:
/mnt/c/PROJETOS/BIONIX/BIONIX-ML-VIVAZ/src/retina/retina_assigner.mojo:41:17: warning: 'List' is no longer implicitly copyable, because it is O(n) expensive; this warning will be an error in the next release of Mojo
        return (labels, targets)
                ^~~~~~
Included from /mnt/c/PROJETOS/BIONIX/BIONIX-ML-VIVAZ/src/run_retina_train.mojo:3:
Included from /mnt/c/PROJETOS/BIONIX/BIONIX-ML-VIVAZ/src/retina/retina_model.mojo:420:
Included from /mnt/c/PROJETOS/BIONIX/BIONIX-ML-VIVAZ/src/retina/retina_trainer.mojo:11:
/mnt/c/PROJETOS/BIONIX/BIONIX-ML-VIVAZ/src/retina/retina_assigner.mojo:41:17: note: consider transferring the value with '^'
        return (labels, targets)
                ^
                      ^
Included from /mnt/c/PROJETOS/BIONIX/BIONIX-ML-VIVAZ/src/run_retina_train.mojo:3:
Included from /mnt/c/PROJETOS/BIONIX/BIONIX-ML-VIVAZ/src/retina/retina_model.mojo:420:
Included from /mnt/c/PROJETOS/BIONIX/BIONIX-ML-VIVAZ/src/retina/retina_trainer.mojo:11:
/mnt/c/PROJETOS/BIONIX/BIONIX-ML-VIVAZ/src/retina/retina_assigner.mojo:41:17: note: you can copy it explicitly with '.copy()'
        return (labels, targets)
                ^
                      .copy()
Included from /mnt/c/PROJETOS/BIONIX/BIONIX-ML-VIVAZ/src/run_retina_train.mojo:3:
Included from /mnt/c/PROJETOS/BIONIX/BIONIX-ML-VIVAZ/src/retina/retina_model.mojo:420:
Included from /mnt/c/PROJETOS/BIONIX/BIONIX-ML-VIVAZ/src/retina/retina_trainer.mojo:11:
/mnt/c/PROJETOS/BIONIX/BIONIX-ML-VIVAZ/src/retina/retina_assigner.mojo:41:25: warning: 'List' is no longer implicitly copyable, because it is O(n) expensive; this warning will be an error in the next release of Mojo
        return (labels, targets)
                        ^~~~~~~
Included from /mnt/c/PROJETOS/BIONIX/BIONIX-ML-VIVAZ/src/run_retina_train.mojo:3:
Included from /mnt/c/PROJETOS/BIONIX/BIONIX-ML-VIVAZ/src/retina/retina_model.mojo:420:
Included from /mnt/c/PROJETOS/BIONIX/BIONIX-ML-VIVAZ/src/retina/retina_trainer.mojo:11:
/mnt/c/PROJETOS/BIONIX/BIONIX-ML-VIVAZ/src/retina/retina_assigner.mojo:41:25: note: consider transferring the value with '^'
        return (labels, targets)
                        ^
                               ^
Included from /mnt/c/PROJETOS/BIONIX/BIONIX-ML-VIVAZ/src/run_retina_train.mojo:3:
Included from /mnt/c/PROJETOS/BIONIX/BIONIX-ML-VIVAZ/src/retina/retina_model.mojo:420:
Included from /mnt/c/PROJETOS/BIONIX/BIONIX-ML-VIVAZ/src/retina/retina_trainer.mojo:11:
/mnt/c/PROJETOS/BIONIX/BIONIX-ML-VIVAZ/src/retina/retina_assigner.mojo:41:25: note: you can copy it explicitly with '.copy()'
        return (labels, targets)
                        ^
                               .copy()
Included from /mnt/c/PROJETOS/BIONIX/BIONIX-ML-VIVAZ/src/run_retina_train.mojo:3:
Included from /mnt/c/PROJETOS/BIONIX/BIONIX-ML-VIVAZ/src/retina/retina_model.mojo:420:
Included from /mnt/c/PROJETOS/BIONIX/BIONIX-ML-VIVAZ/src/retina/retina_trainer.mojo:11:
/mnt/c/PROJETOS/BIONIX/BIONIX-ML-VIVAZ/src/retina/retina_assigner.mojo:59:30: warning: 'List' is no longer implicitly copyable, because it is O(n) expensive; this warning will be an error in the next release of Mojo
            var gt = gt_boxes[best_gt_idx]
                     ~~~~~~~~^~~~~~~~~~~~~
Included from /mnt/c/PROJETOS/BIONIX/BIONIX-ML-VIVAZ/src/run_retina_train.mojo:3:
Included from /mnt/c/PROJETOS/BIONIX/BIONIX-ML-VIVAZ/src/retina/retina_model.mojo:420:
Included from /mnt/c/PROJETOS/BIONIX/BIONIX-ML-VIVAZ/src/retina/retina_trainer.mojo:11:
/mnt/c/PROJETOS/BIONIX/BIONIX-ML-VIVAZ/src/retina/retina_assigner.mojo:59:30: note: consider transferring the value with '^'
            var gt = gt_boxes[best_gt_idx]
                             ^
                                          ^
Included from /mnt/c/PROJETOS/BIONIX/BIONIX-ML-VIVAZ/src/run_retina_train.mojo:3:
Included from /mnt/c/PROJETOS/BIONIX/BIONIX-ML-VIVAZ/src/retina/retina_model.mojo:420:
Included from /mnt/c/PROJETOS/BIONIX/BIONIX-ML-VIVAZ/src/retina/retina_trainer.mojo:11:
/mnt/c/PROJETOS/BIONIX/BIONIX-ML-VIVAZ/src/retina/retina_assigner.mojo:59:30: note: you can copy it explicitly with '.copy()'
            var gt = gt_boxes[best_gt_idx]
                             ^
                                          .copy()
Included from /mnt/c/PROJETOS/BIONIX/BIONIX-ML-VIVAZ/src/run_retina_train.mojo:3:
/mnt/c/PROJETOS/BIONIX/BIONIX-ML-VIVAZ/src/retina/retina_model.mojo:221:42: warning: 'Bool' value is unused
                uteis.gravar_texto_seguro(os.path.join(model_dir, "retina_state.txt"), String("\n").join(state_lines.copy()))
                ~~~~~~~~~~~~~~~~~~~~~~~~~^~~~~~~~~~~~~~~~~~~~~~~~~~~~~~~~~~~~~~~~~~~~~~~~~~~~~~~~~~~~~~~~~~~~~~~~~~~~~~~~~~~~
                _ = 
Included from /mnt/c/PROJETOS/BIONIX/BIONIX-ML-VIVAZ/src/run_retina_train.mojo:3:
/mnt/c/PROJETOS/BIONIX/BIONIX-ML-VIVAZ/src/retina/retina_model.mojo:309:69: warning: 'Bool' value is unused
                            peso_cls_tensor.carregar_dados_bytes_bin(raw_w.copy())
                            ~~~~~~~~~~~~~~~~~~~~~~~~~~~~~~~~~~~~~~~~^~~~~~~~~~~~~~
                            _ = 
Included from /mnt/c/PROJETOS/BIONIX/BIONIX-ML-VIVAZ/src/run_retina_train.mojo:3:
/mnt/c/PROJETOS/BIONIX/BIONIX-ML-VIVAZ/src/retina/retina_model.mojo:318:69: warning: 'Bool' value is unused
                            bias_cls_tensor.carregar_dados_bytes_bin(raw_b.copy())
                            ~~~~~~~~~~~~~~~~~~~~~~~~~~~~~~~~~~~~~~~~^~~~~~~~~~~~~~
                            _ = 
Included from /mnt/c/PROJETOS/BIONIX/BIONIX-ML-VIVAZ/src/run_retina_train.mojo:3:
/mnt/c/PROJETOS/BIONIX/BIONIX-ML-VIVAZ/src/retina/retina_model.mojo:325:28: warning: 'List' is no longer implicitly copyable, because it is O(n) expensive; this warning will be an error in the next release of Mojo
            var a = anchors[i]
                    ~~~~~~~^~~
Included from /mnt/c/PROJETOS/BIONIX/BIONIX-ML-VIVAZ/src/run_retina_train.mojo:3:
/mnt/c/PROJETOS/BIONIX/BIONIX-ML-VIVAZ/src/retina/retina_model.mojo:325:28: note: consider transferring the value with '^'
            var a = anchors[i]
                           ^
                              ^
Included from /mnt/c/PROJETOS/BIONIX/BIONIX-ML-VIVAZ/src/run_retina_train.mojo:3:
/mnt/c/PROJETOS/BIONIX/BIONIX-ML-VIVAZ/src/retina/retina_model.mojo:325:28: note: you can copy it explicitly with '.copy()'
            var a = anchors[i]
                           ^
                              .copy()
Included from /mnt/c/PROJETOS/BIONIX/BIONIX-ML-VIVAZ/src/run_retina_train.mojo:3:
/mnt/c/PROJETOS/BIONIX/BIONIX-ML-VIVAZ/src/retina/retina_model.mojo:385:31: warning: 'List' is no longer implicitly copyable, because it is O(n) expensive; this warning will be an error in the next release of Mojo
            reg_deltas.append(drow)
                              ^~~~
Included from /mnt/c/PROJETOS/BIONIX/BIONIX-ML-VIVAZ/src/run_retina_train.mojo:3:
/mnt/c/PROJETOS/BIONIX/BIONIX-ML-VIVAZ/src/retina/retina_model.mojo:385:31: note: consider transferring the value with '^'
            reg_deltas.append(drow)
                              ^
                                  ^
Included from /mnt/c/PROJETOS/BIONIX/BIONIX-ML-VIVAZ/src/run_retina_train.mojo:3:
/mnt/c/PROJETOS/BIONIX/BIONIX-ML-VIVAZ/src/retina/retina_model.mojo:385:31: note: you can copy it explicitly with '.copy()'
            reg_deltas.append(drow)
                              ^
                                  .copy()
Included from /mnt/c/PROJETOS/BIONIX/BIONIX-ML-VIVAZ/src/run_retina_train.mojo:3:
/mnt/c/PROJETOS/BIONIX/BIONIX-ML-VIVAZ/src/retina/retina_model.mojo:389:28: warning: 'List' is no longer implicitly copyable, because it is O(n) expensive; this warning will be an error in the next release of Mojo
            var a = anchors[i]
                    ~~~~~~~^~~
Included from /mnt/c/PROJETOS/BIONIX/BIONIX-ML-VIVAZ/src/run_retina_train.mojo:3:
/mnt/c/PROJETOS/BIONIX/BIONIX-ML-VIVAZ/src/retina/retina_model.mojo:389:28: note: consider transferring the value with '^'
            var a = anchors[i]
                           ^
                              ^
Included from /mnt/c/PROJETOS/BIONIX/BIONIX-ML-VIVAZ/src/run_retina_train.mojo:3:
/mnt/c/PROJETOS/BIONIX/BIONIX-ML-VIVAZ/src/retina/retina_model.mojo:389:28: note: you can copy it explicitly with '.copy()'
            var a = anchors[i]
                           ^
                              .copy()
Included from /mnt/c/PROJETOS/BIONIX/BIONIX-ML-VIVAZ/src/run_retina_train.mojo:3:
/mnt/c/PROJETOS/BIONIX/BIONIX-ML-VIVAZ/src/retina/retina_model.mojo:401:26: warning: 'List' is no longer implicitly copyable, because it is O(n) expensive; this warning will be an error in the next release of Mojo
            boxes.append(outb)
                         ^~~~
Included from /mnt/c/PROJETOS/BIONIX/BIONIX-ML-VIVAZ/src/run_retina_train.mojo:3:
/mnt/c/PROJETOS/BIONIX/BIONIX-ML-VIVAZ/src/retina/retina_model.mojo:401:26: note: consider transferring the value with '^'
            boxes.append(outb)
                         ^
                             ^
Included from /mnt/c/PROJETOS/BIONIX/BIONIX-ML-VIVAZ/src/run_retina_train.mojo:3:
/mnt/c/PROJETOS/BIONIX/BIONIX-ML-VIVAZ/src/retina/retina_model.mojo:401:26: note: you can copy it explicitly with '.copy()'
            boxes.append(outb)
                         ^
                             .copy()
Included from /mnt/c/PROJETOS/BIONIX/BIONIX-ML-VIVAZ/src/run_retina_train.mojo:3:
/mnt/c/PROJETOS/BIONIX/BIONIX-ML-VIVAZ/src/retina/retina_model.mojo:411:31: warning: 'List' is no longer implicitly copyable, because it is O(n) expensive; this warning will be an error in the next release of Mojo
            kept_boxes.append(ib)
                              ^~
Included from /mnt/c/PROJETOS/BIONIX/BIONIX-ML-VIVAZ/src/run_retina_train.mojo:3:
/mnt/c/PROJETOS/BIONIX/BIONIX-ML-VIVAZ/src/retina/retina_model.mojo:411:31: note: consider transferring the value with '^'
            kept_boxes.append(ib)
                              ^
                                ^
Included from /mnt/c/PROJETOS/BIONIX/BIONIX-ML-VIVAZ/src/run_retina_train.mojo:3:
/mnt/c/PROJETOS/BIONIX/BIONIX-ML-VIVAZ/src/retina/retina_model.mojo:411:31: note: you can copy it explicitly with '.copy()'
            kept_boxes.append(ib)
                              ^
                                .copy()
Included from /mnt/c/PROJETOS/BIONIX/BIONIX-ML-VIVAZ/src/run_retina_train.mojo:3:
/mnt/c/PROJETOS/BIONIX/BIONIX-ML-VIVAZ/src/retina/retina_model.mojo:413:16: warning: 'List' is no longer implicitly copyable, because it is O(n) expensive; this warning will be an error in the next release of Mojo
        return kept_boxes
               ^~~~~~~~~~
Included from /mnt/c/PROJETOS/BIONIX/BIONIX-ML-VIVAZ/src/run_retina_train.mojo:3:
/mnt/c/PROJETOS/BIONIX/BIONIX-ML-VIVAZ/src/retina/retina_model.mojo:413:16: note: consider transferring the value with '^'
        return kept_boxes
               ^
                         ^
Included from /mnt/c/PROJETOS/BIONIX/BIONIX-ML-VIVAZ/src/run_retina_train.mojo:3:
/mnt/c/PROJETOS/BIONIX/BIONIX-ML-VIVAZ/src/retina/retina_model.mojo:413:16: note: you can copy it explicitly with '.copy()'
        return kept_boxes
               ^
                         .copy()
Included from /mnt/c/PROJETOS/BIONIX/BIONIX-ML-VIVAZ/src/run_retina_train.mojo:3:
Included from /mnt/c/PROJETOS/BIONIX/BIONIX-ML-VIVAZ/src/retina/retina_model.mojo:420:
/mnt/c/PROJETOS/BIONIX/BIONIX-ML-VIVAZ/src/retina/retina_trainer.mojo:21:15: warning: Use `str.codepoints()` or `str.codepoint_slices()` instead.
    for ch in line:
              ^~~~
/mnt/c/PROJETOS/BIONIX/BIONIX-ML-VIVAZ/src/run_retina_train.mojo:1:1: note: '__iter__' declared here
import retina.model_detector as model_pkg
^
Included from /mnt/c/PROJETOS/BIONIX/BIONIX-ML-VIVAZ/src/run_retina_train.mojo:3:
Included from /mnt/c/PROJETOS/BIONIX/BIONIX-ML-VIVAZ/src/retina/retina_model.mojo:420:
/mnt/c/PROJETOS/BIONIX/BIONIX-ML-VIVAZ/src/retina/retina_trainer.mojo:30:12: warning: 'List' is no longer implicitly copyable, because it is O(n) expensive; this warning will be an error in the next release of Mojo
    return fields
           ^~~~~~
Included from /mnt/c/PROJETOS/BIONIX/BIONIX-ML-VIVAZ/src/run_retina_train.mojo:3:
Included from /mnt/c/PROJETOS/BIONIX/BIONIX-ML-VIVAZ/src/retina/retina_model.mojo:420:
/mnt/c/PROJETOS/BIONIX/BIONIX-ML-VIVAZ/src/retina/retina_trainer.mojo:30:12: note: consider transferring the value with '^'
    return fields
           ^
                 ^
Included from /mnt/c/PROJETOS/BIONIX/BIONIX-ML-VIVAZ/src/run_retina_train.mojo:3:
Included from /mnt/c/PROJETOS/BIONIX/BIONIX-ML-VIVAZ/src/retina/retina_model.mojo:420:
/mnt/c/PROJETOS/BIONIX/BIONIX-ML-VIVAZ/src/retina/retina_trainer.mojo:30:12: note: you can copy it explicitly with '.copy()'
    return fields
           ^
                 .copy()
Included from /mnt/c/PROJETOS/BIONIX/BIONIX-ML-VIVAZ/src/run_retina_train.mojo:3:
Included from /mnt/c/PROJETOS/BIONIX/BIONIX-ML-VIVAZ/src/retina/retina_model.mojo:274:
/mnt/c/PROJETOS/BIONIX/BIONIX-ML-VIVAZ/src/retina/retina_nms.mojo:41:12: warning: 'List' is no longer implicitly copyable, because it is O(n) expensive; this warning will be an error in the next release of Mojo
    return keep
           ^~~~
Included from /mnt/c/PROJETOS/BIONIX/BIONIX-ML-VIVAZ/src/run_retina_train.mojo:3:
Included from /mnt/c/PROJETOS/BIONIX/BIONIX-ML-VIVAZ/src/retina/retina_model.mojo:274:
/mnt/c/PROJETOS/BIONIX/BIONIX-ML-VIVAZ/src/retina/retina_nms.mojo:41:12: note: consider transferring the value with '^'
    return keep
           ^
               ^
Included from /mnt/c/PROJETOS/BIONIX/BIONIX-ML-VIVAZ/src/run_retina_train.mojo:3:
Included from /mnt/c/PROJETOS/BIONIX/BIONIX-ML-VIVAZ/src/retina/retina_model.mojo:274:
/mnt/c/PROJETOS/BIONIX/BIONIX-ML-VIVAZ/src/retina/retina_nms.mojo:41:12: note: you can copy it explicitly with '.copy()'
    return keep
           ^
               .copy()
Included from /mnt/c/PROJETOS/BIONIX/BIONIX-ML-VIVAZ/src/run_retina_train.mojo:1:
/mnt/c/PROJETOS/BIONIX/BIONIX-ML-VIVAZ/src/retina/model_detector.mojo:241:16: warning: 'except' logic is unreachable, try doesn't raise an exception
        return False
               ^
Included from /mnt/c/PROJETOS/BIONIX/BIONIX-ML-VIVAZ/src/run_retina_train.mojo:1:
/mnt/c/PROJETOS/BIONIX/BIONIX-ML-VIVAZ/src/retina/model_detector.mojo:257:15: warning: 'except' logic is unreachable, try doesn't raise an exception
        print("[DEBUG] model_detector.carregar_checkpoint: exception during load")
              ^
Included from /mnt/c/PROJETOS/BIONIX/BIONIX-ML-VIVAZ/src/run_retina_train.mojo:3:
/mnt/c/PROJETOS/BIONIX/BIONIX-ML-VIVAZ/src/retina/retina_model.mojo:184:28: warning: 'except' logic is unreachable, try doesn't raise an exception
                ok_block = False
                           ^
Included from /mnt/c/PROJETOS/BIONIX/BIONIX-ML-VIVAZ/src/run_retina_train.mojo:3:
/mnt/c/PROJETOS/BIONIX/BIONIX-ML-VIVAZ/src/retina/retina_model.mojo:185:13: warning: try body doesn't raise an exception
            try:
            ^
Included from /mnt/c/PROJETOS/BIONIX/BIONIX-ML-VIVAZ/src/run_retina_train.mojo:3:
/mnt/c/PROJETOS/BIONIX/BIONIX-ML-VIVAZ/src/retina/retina_model.mojo:190:13: warning: try body doesn't raise an exception
            try:
            ^
Included from /mnt/c/PROJETOS/BIONIX/BIONIX-ML-VIVAZ/src/run_retina_train.mojo:3:
/mnt/c/PROJETOS/BIONIX/BIONIX-ML-VIVAZ/src/retina/retina_model.mojo:195:13: warning: try body doesn't raise an exception
            try:
            ^
Included from /mnt/c/PROJETOS/BIONIX/BIONIX-ML-VIVAZ/src/run_retina_train.mojo:3:
/mnt/c/PROJETOS/BIONIX/BIONIX-ML-VIVAZ/src/retina/retina_model.mojo:200:13: warning: try body doesn't raise an exception
            try:
            ^
Included from /mnt/c/PROJETOS/BIONIX/BIONIX-ML-VIVAZ/src/run_retina_train.mojo:3:
/mnt/c/PROJETOS/BIONIX/BIONIX-ML-VIVAZ/src/retina/retina_model.mojo:210:23: warning: 'except' logic is unreachable, try doesn't raise an exception
                okc = False
                      ^
Included from /mnt/c/PROJETOS/BIONIX/BIONIX-ML-VIVAZ/src/run_retina_train.mojo:3:
/mnt/c/PROJETOS/BIONIX/BIONIX-ML-VIVAZ/src/retina/retina_model.mojo:216:13: warning: try body doesn't raise an exception
            try:
            ^
Included from /mnt/c/PROJETOS/BIONIX/BIONIX-ML-VIVAZ/src/run_retina_train.mojo:3:
/mnt/c/PROJETOS/BIONIX/BIONIX-ML-VIVAZ/src/retina/retina_model.mojo:227:20: warning: 'except' logic is unreachable, try doesn't raise an exception
            return False
                   ^
Included from /mnt/c/PROJETOS/BIONIX/BIONIX-ML-VIVAZ/src/run_retina_train.mojo:3:
/mnt/c/PROJETOS/BIONIX/BIONIX-ML-VIVAZ/src/retina/retina_model.mojo:302:30: warning: 'except' logic is unreachable, try doesn't raise an exception
                    Dguess = 0
                             ^
Included from /mnt/c/PROJETOS/BIONIX/BIONIX-ML-VIVAZ/src/run_retina_train.mojo:3:
/mnt/c/PROJETOS/BIONIX/BIONIX-ML-VIVAZ/src/retina/retina_model.mojo:306:21: warning: try body doesn't raise an exception
                    try:
                    ^
Included from /mnt/c/PROJETOS/BIONIX/BIONIX-ML-VIVAZ/src/run_retina_train.mojo:3:
/mnt/c/PROJETOS/BIONIX/BIONIX-ML-VIVAZ/src/retina/retina_model.mojo:313:21: warning: try body doesn't raise an exception
                    try:
                    ^
Included from /mnt/c/PROJETOS/BIONIX/BIONIX-ML-VIVAZ/src/run_retina_train.mojo:3:
/mnt/c/PROJETOS/BIONIX/BIONIX-ML-VIVAZ/src/retina/retina_model.mojo:322:34: warning: 'except' logic is unreachable, try doesn't raise an exception
            cls_tensors_inited = False
                                 ^
Included from /mnt/c/PROJETOS/BIONIX/BIONIX-ML-VIVAZ/src/run_retina_train.mojo:3:
/mnt/c/PROJETOS/BIONIX/BIONIX-ML-VIVAZ/src/retina/retina_model.mojo:354:21: warning: 'except' logic is unreachable, try doesn't raise an exception
                D = 0
                    ^
Included from /mnt/c/PROJETOS/BIONIX/BIONIX-ML-VIVAZ/src/run_retina_train.mojo:3:
Included from /mnt/c/PROJETOS/BIONIX/BIONIX-ML-VIVAZ/src/retina/retina_model.mojo:420:
/mnt/c/PROJETOS/BIONIX/BIONIX-ML-VIVAZ/src/retina/retina_trainer.mojo:44:17: warning: 'except' logic is unreachable, try doesn't raise an exception
            h = -1
                ^
Included from /mnt/c/PROJETOS/BIONIX/BIONIX-ML-VIVAZ/src/run_retina_train.mojo:3:
Included from /mnt/c/PROJETOS/BIONIX/BIONIX-ML-VIVAZ/src/retina/retina_model.mojo:420:
/mnt/c/PROJETOS/BIONIX/BIONIX-ML-VIVAZ/src/retina/retina_trainer.mojo:48:17: warning: 'except' logic is unreachable, try doesn't raise an exception
            w = -1
                ^
Included from /mnt/c/PROJETOS/BIONIX/BIONIX-ML-VIVAZ/src/run_retina_train.mojo:3:
Included from /mnt/c/PROJETOS/BIONIX/BIONIX-ML-VIVAZ/src/retina/retina_model.mojo:420:
/mnt/c/PROJETOS/BIONIX/BIONIX-ML-VIVAZ/src/retina/retina_trainer.mojo:39:5: warning: try body doesn't raise an exception
    try:
    ^
Included from /mnt/c/PROJETOS/BIONIX/BIONIX-ML-VIVAZ/src/run_retina_train.mojo:3:
Included from /mnt/c/PROJETOS/BIONIX/BIONIX-ML-VIVAZ/src/retina/retina_model.mojo:420:
/mnt/c/PROJETOS/BIONIX/BIONIX-ML-VIVAZ/src/retina/retina_trainer.mojo:87:9: warning: try body doesn't raise an exception
        try:
        ^
Included from /mnt/c/PROJETOS/BIONIX/BIONIX-ML-VIVAZ/src/run_retina_train.mojo:3:
Included from /mnt/c/PROJETOS/BIONIX/BIONIX-ML-VIVAZ/src/retina/retina_model.mojo:420:
/mnt/c/PROJETOS/BIONIX/BIONIX-ML-VIVAZ/src/retina/retina_trainer.mojo:105:25: warning: 'except' logic is unreachable, try doesn't raise an exception
                    D = 0
                        ^
Included from /mnt/c/PROJETOS/BIONIX/BIONIX-ML-VIVAZ/src/run_retina_train.mojo:3:
Included from /mnt/c/PROJETOS/BIONIX/BIONIX-ML-VIVAZ/src/retina/retina_model.mojo:420:
/mnt/c/PROJETOS/BIONIX/BIONIX-ML-VIVAZ/src/retina/retina_trainer.mojo:118:36: warning: 'except' logic is unreachable, try doesn't raise an exception
                head_initialized = False
                                   ^
Included from /mnt/c/PROJETOS/BIONIX/BIONIX-ML-VIVAZ/src/run_retina_train.mojo:3:
Included from /mnt/c/PROJETOS/BIONIX/BIONIX-ML-VIVAZ/src/retina/retina_model.mojo:420:
/mnt/c/PROJETOS/BIONIX/BIONIX-ML-VIVAZ/src/retina/retina_trainer.mojo:95:5: warning: try body doesn't raise an exception
    try:
    ^
Included from /mnt/c/PROJETOS/BIONIX/BIONIX-ML-VIVAZ/src/run_retina_train.mojo:3:
Included from /mnt/c/PROJETOS/BIONIX/BIONIX-ML-VIVAZ/src/retina/retina_model.mojo:420:
/mnt/c/PROJETOS/BIONIX/BIONIX-ML-VIVAZ/src/retina/retina_trainer.mojo:169:5: warning: try body doesn't raise an exception
    try:
    ^
Included from /mnt/c/PROJETOS/BIONIX/BIONIX-ML-VIVAZ/src/run_retina_train.mojo:3:
Included from /mnt/c/PROJETOS/BIONIX/BIONIX-ML-VIVAZ/src/retina/retina_model.mojo:420:
/mnt/c/PROJETOS/BIONIX/BIONIX-ML-VIVAZ/src/retina/retina_trainer.mojo:174:5: warning: try body doesn't raise an exception
    try:
    ^
Included from /mnt/c/PROJETOS/BIONIX/BIONIX-ML-VIVAZ/src/run_retina_train.mojo:3:
Included from /mnt/c/PROJETOS/BIONIX/BIONIX-ML-VIVAZ/src/retina/retina_model.mojo:420:
/mnt/c/PROJETOS/BIONIX/BIONIX-ML-VIVAZ/src/retina/retina_trainer.mojo:178:5: warning: try body doesn't raise an exception
    try:
    ^
Included from /mnt/c/PROJETOS/BIONIX/BIONIX-ML-VIVAZ/src/run_retina_train.mojo:3:
Included from /mnt/c/PROJETOS/BIONIX/BIONIX-ML-VIVAZ/src/retina/retina_model.mojo:420:
/mnt/c/PROJETOS/BIONIX/BIONIX-ML-VIVAZ/src/retina/retina_trainer.mojo:221:28: warning: 'except' logic is unreachable, try doesn't raise an exception
                    except _:
                           ^
Included from /mnt/c/PROJETOS/BIONIX/BIONIX-ML-VIVAZ/src/run_retina_train.mojo:3:
Included from /mnt/c/PROJETOS/BIONIX/BIONIX-ML-VIVAZ/src/retina/retina_model.mojo:420:
/mnt/c/PROJETOS/BIONIX/BIONIX-ML-VIVAZ/src/retina/retina_trainer.mojo:278:89: warning: 'except' logic is unreachable, try doesn't raise an exception
                        crop_rgb = graficos_pkg.crop_and_resize_rgb(img_matrix, ax, ay, ax + aw - 1, ay + ah - 1, patch_size, patch_size)
                                                                                        ^
Included from /mnt/c/PROJETOS/BIONIX/BIONIX-ML-VIVAZ/src/run_retina_train.mojo:3:
Included from /mnt/c/PROJETOS/BIONIX/BIONIX-ML-VIVAZ/src/retina/retina_model.mojo:420:
/mnt/c/PROJETOS/BIONIX/BIONIX-ML-VIVAZ/src/retina/retina_trainer.mojo:295:29: warning: 'except' logic is unreachable, try doesn't raise an exception
                        D = 0
                            ^
Included from /mnt/c/PROJETOS/BIONIX/BIONIX-ML-VIVAZ/src/run_retina_train.mojo:3:
Included from /mnt/c/PROJETOS/BIONIX/BIONIX-ML-VIVAZ/src/retina/retina_model.mojo:420:
/mnt/c/PROJETOS/BIONIX/BIONIX-ML-VIVAZ/src/retina/retina_trainer.mojo:330:21: warning: try body doesn't raise an exception
                    try:
                    ^
Included from /mnt/c/PROJETOS/BIONIX/BIONIX-ML-VIVAZ/src/run_retina_train.mojo:3:
Included from /mnt/c/PROJETOS/BIONIX/BIONIX-ML-VIVAZ/src/retina/retina_model.mojo:420:
/mnt/c/PROJETOS/BIONIX/BIONIX-ML-VIVAZ/src/retina/retina_trainer.mojo:376:17: warning: try body doesn't raise an exception
                try:
                ^
Included from /mnt/c/PROJETOS/BIONIX/BIONIX-ML-VIVAZ/src/run_retina_train.mojo:3:
Included from /mnt/c/PROJETOS/BIONIX/BIONIX-ML-VIVAZ/src/retina/retina_model.mojo:420:
/mnt/c/PROJETOS/BIONIX/BIONIX-ML-VIVAZ/src/retina/retina_trainer.mojo:380:13: warning: try body doesn't raise an exception
            try:
            ^
Included from /mnt/c/PROJETOS/BIONIX/BIONIX-ML-VIVAZ/src/run_retina_train.mojo:3:
Included from /mnt/c/PROJETOS/BIONIX/BIONIX-ML-VIVAZ/src/retina/retina_model.mojo:420:
/mnt/c/PROJETOS/BIONIX/BIONIX-ML-VIVAZ/src/retina/retina_trainer.mojo:365:9: warning: try body doesn't raise an exception
        try:
        ^
Included from /mnt/c/PROJETOS/BIONIX/BIONIX-ML-VIVAZ/src/run_retina_train.mojo:3:
Included from /mnt/c/PROJETOS/BIONIX/BIONIX-ML-VIVAZ/src/retina/retina_model.mojo:420:
/mnt/c/PROJETOS/BIONIX/BIONIX-ML-VIVAZ/src/retina/retina_trainer.mojo:454:56: warning: 'except' logic is unreachable, try doesn't raise an exception
                                raw_w_bytes = List[Int]()
                                                       ^
Included from /mnt/c/PROJETOS/BIONIX/BIONIX-ML-VIVAZ/src/run_retina_train.mojo:3:
Included from /mnt/c/PROJETOS/BIONIX/BIONIX-ML-VIVAZ/src/retina/retina_model.mojo:420:
/mnt/c/PROJETOS/BIONIX/BIONIX-ML-VIVAZ/src/retina/retina_trainer.mojo:458:56: warning: 'except' logic is unreachable, try doesn't raise an exception
                                raw_b_bytes = List[Int]()
                                                       ^
Included from /mnt/c/PROJETOS/BIONIX/BIONIX-ML-VIVAZ/src/run_retina_train.mojo:3:
Included from /mnt/c/PROJETOS/BIONIX/BIONIX-ML-VIVAZ/src/retina/retina_model.mojo:420:
/mnt/c/PROJETOS/BIONIX/BIONIX-ML-VIVAZ/src/retina/retina_trainer.mojo:446:21: warning: try body doesn't raise an exception
                    try:
                    ^
Included from /mnt/c/PROJETOS/BIONIX/BIONIX-ML-VIVAZ/src/run_retina_train.mojo:3:
Included from /mnt/c/PROJETOS/BIONIX/BIONIX-ML-VIVAZ/src/retina/retina_model.mojo:420:
/mnt/c/PROJETOS/BIONIX/BIONIX-ML-VIVAZ/src/retina/retina_trainer.mojo:466:25: warning: try body doesn't raise an exception
                        try:
                        ^
Included from /mnt/c/PROJETOS/BIONIX/BIONIX-ML-VIVAZ/src/run_retina_train.mojo:3:
Included from /mnt/c/PROJETOS/BIONIX/BIONIX-ML-VIVAZ/src/retina/retina_model.mojo:420:
/mnt/c/PROJETOS/BIONIX/BIONIX-ML-VIVAZ/src/retina/retina_trainer.mojo:476:98: warning: 'except' logic is unreachable, try doesn't raise an exception
                        print("DBG: detector.inferir raised for epoch sample class", class_names[c])
                                                                                                 ^
Included from /mnt/c/PROJETOS/BIONIX/BIONIX-ML-VIVAZ/src/run_retina_train.mojo:3:
Included from /mnt/c/PROJETOS/BIONIX/BIONIX-ML-VIVAZ/src/retina/retina_model.mojo:420:
/mnt/c/PROJETOS/BIONIX/BIONIX-ML-VIVAZ/src/retina/retina_trainer.mojo:486:21: warning: try body doesn't raise an exception
                    try:
                    ^
Included from /mnt/c/PROJETOS/BIONIX/BIONIX-ML-VIVAZ/src/run_retina_train.mojo:3:
Included from /mnt/c/PROJETOS/BIONIX/BIONIX-ML-VIVAZ/src/retina/retina_model.mojo:420:
/mnt/c/PROJETOS/BIONIX/BIONIX-ML-VIVAZ/src/retina/retina_trainer.mojo:392:9: warning: try body doesn't raise an exception
        try:
        ^
Included from /mnt/c/PROJETOS/BIONIX/BIONIX-ML-VIVAZ/src/run_retina_train.mojo:3:
Included from /mnt/c/PROJETOS/BIONIX/BIONIX-ML-VIVAZ/src/retina/retina_model.mojo:420:
/mnt/c/PROJETOS/BIONIX/BIONIX-ML-VIVAZ/src/retina/retina_trainer.mojo:504:9: warning: try body doesn't raise an exception
        try:
        ^
Included from /mnt/c/PROJETOS/BIONIX/BIONIX-ML-VIVAZ/src/run_retina_train.mojo:3:
Included from /mnt/c/PROJETOS/BIONIX/BIONIX-ML-VIVAZ/src/retina/retina_model.mojo:420:
/mnt/c/PROJETOS/BIONIX/BIONIX-ML-VIVAZ/src/retina/retina_trainer.mojo:585:64: warning: 'except' logic is unreachable, try doesn't raise an exception
                                        raw_w_bytes = List[Int]()
                                                               ^
Included from /mnt/c/PROJETOS/BIONIX/BIONIX-ML-VIVAZ/src/run_retina_train.mojo:3:
Included from /mnt/c/PROJETOS/BIONIX/BIONIX-ML-VIVAZ/src/retina/retina_model.mojo:420:
/mnt/c/PROJETOS/BIONIX/BIONIX-ML-VIVAZ/src/retina/retina_trainer.mojo:589:64: warning: 'except' logic is unreachable, try doesn't raise an exception
                                        raw_b_bytes = List[Int]()
                                                               ^
Included from /mnt/c/PROJETOS/BIONIX/BIONIX-ML-VIVAZ/src/run_retina_train.mojo:3:
Included from /mnt/c/PROJETOS/BIONIX/BIONIX-ML-VIVAZ/src/retina/retina_model.mojo:420:
/mnt/c/PROJETOS/BIONIX/BIONIX-ML-VIVAZ/src/retina/retina_trainer.mojo:593:37: warning: try body doesn't raise an exception
                                    try:
                                    ^
Included from /mnt/c/PROJETOS/BIONIX/BIONIX-ML-VIVAZ/src/run_retina_train.mojo:3:
Included from /mnt/c/PROJETOS/BIONIX/BIONIX-ML-VIVAZ/src/retina/retina_model.mojo:420:
/mnt/c/PROJETOS/BIONIX/BIONIX-ML-VIVAZ/src/retina/retina_trainer.mojo:603:43: warning: 'except' logic is unreachable, try doesn't raise an exception
                                    print("DBG: detector.inferir raised for validation image", img_path)
                                          ^
Included from /mnt/c/PROJETOS/BIONIX/BIONIX-ML-VIVAZ/src/run_retina_train.mojo:3:
Included from /mnt/c/PROJETOS/BIONIX/BIONIX-ML-VIVAZ/src/retina/retina_model.mojo:420:
/mnt/c/PROJETOS/BIONIX/BIONIX-ML-VIVAZ/src/retina/retina_trainer.mojo:626:59: warning: 'except' logic is unreachable, try doesn't raise an exception
                                            center_dist = 0.0; w_ratio = 0.0; h_ratio = 0.0
                                                          ^
Included from /mnt/c/PROJETOS/BIONIX/BIONIX-ML-VIVAZ/src/run_retina_train.mojo:3:
Included from /mnt/c/PROJETOS/BIONIX/BIONIX-ML-VIVAZ/src/retina/retina_model.mojo:420:
/mnt/c/PROJETOS/BIONIX/BIONIX-ML-VIVAZ/src/retina/retina_trainer.mojo:531:9: warning: try body doesn't raise an exception
        try:
        ^
Included from /mnt/c/PROJETOS/BIONIX/BIONIX-ML-VIVAZ/src/run_retina_train.mojo:3:
Included from /mnt/c/PROJETOS/BIONIX/BIONIX-ML-VIVAZ/src/retina/retina_model.mojo:420:
/mnt/c/PROJETOS/BIONIX/BIONIX-ML-VIVAZ/src/retina/retina_trainer.mojo:641:9: warning: try body doesn't raise an exception
        try:
        ^
Included from /mnt/c/PROJETOS/BIONIX/BIONIX-ML-VIVAZ/src/run_retina_train.mojo:3:
Included from /mnt/c/PROJETOS/BIONIX/BIONIX-ML-VIVAZ/src/retina/retina_model.mojo:420:
/mnt/c/PROJETOS/BIONIX/BIONIX-ML-VIVAZ/src/retina/retina_trainer.mojo:663:9: warning: try body doesn't raise an exception
        try:
        ^
Included from /mnt/c/PROJETOS/BIONIX/BIONIX-ML-VIVAZ/src/run_retina_train.mojo:3:
Included from /mnt/c/PROJETOS/BIONIX/BIONIX-ML-VIVAZ/src/retina/retina_model.mojo:420:
/mnt/c/PROJETOS/BIONIX/BIONIX-ML-VIVAZ/src/retina/retina_trainer.mojo:667:9: warning: try body doesn't raise an exception
        try:
        ^
Included from /mnt/c/PROJETOS/BIONIX/BIONIX-ML-VIVAZ/src/run_retina_train.mojo:3:
Included from /mnt/c/PROJETOS/BIONIX/BIONIX-ML-VIVAZ/src/retina/retina_model.mojo:420:
/mnt/c/PROJETOS/BIONIX/BIONIX-ML-VIVAZ/src/retina/retina_trainer.mojo:657:5: warning: try body doesn't raise an exception
    try:
    ^
Included from /mnt/c/PROJETOS/BIONIX/BIONIX-ML-VIVAZ/src/run_retina_train.mojo:3:
Included from /mnt/c/PROJETOS/BIONIX/BIONIX-ML-VIVAZ/src/retina/retina_model.mojo:420:
Included from /mnt/c/PROJETOS/BIONIX/BIONIX-ML-VIVAZ/src/retina/retina_trainer.mojo:12:
/mnt/c/PROJETOS/BIONIX/BIONIX-ML-VIVAZ/src/retina/retina_utils.mojo:41:16: warning: 'except' logic is unreachable, try doesn't raise an exception
        return 0.0
               ^
Included from /mnt/c/PROJETOS/BIONIX/BIONIX-ML-VIVAZ/src/run_retina_train.mojo:2:
Included from /mnt/c/PROJETOS/BIONIX/BIONIX-ML-VIVAZ/src/../../BIONIX-ML/bionix_ml/computacao/adaptadores/contexto.mojo:2:
Included from /mnt/c/PROJETOS/BIONIX/BIONIX-ML-VIVAZ/src/../../BIONIX-ML/bionix_ml/computacao/adaptadores/adaptador_dispositivo.mojo:1:
/mnt/c/PROJETOS/BIONIX/BIONIX-ML-VIVAZ/src/../../BIONIX-ML/bionix_ml/computacao/cuda/conjunto_de_buffers_dispositivo.mojo:29:9: warning: unreachable code after return statement
        return
        ^
Included from /mnt/c/PROJETOS/BIONIX/BIONIX-ML-VIVAZ/src/run_retina_train.mojo:1:
Included from /mnt/c/PROJETOS/BIONIX/BIONIX-ML-VIVAZ/src/retina/model_detector.mojo:13:
/mnt/c/PROJETOS/BIONIX/BIONIX-ML-VIVAZ/src/../../BIONIX-ML/bionix_ml/computacao/storage_sessao.mojo:70:16: warning: 'except' logic is unreachable, try doesn't raise an exception
        return False
               ^
Included from /mnt/c/PROJETOS/BIONIX/BIONIX-ML-VIVAZ/src/../../BIONIX-ML/bionix_ml/camadas/cnn/__init__.mojo:1:
Included from /mnt/c/PROJETOS/BIONIX/BIONIX-ML-VIVAZ/src/../../BIONIX-ML/bionix_ml/camadas/cnn/__init__.mojo:1:
Included from /mnt/c/PROJETOS/BIONIX/BIONIX-ML-VIVAZ/src/../../BIONIX-ML/bionix_ml/camadas/cnn/cnn.mojo:2:
/mnt/c/PROJETOS/BIONIX/BIONIX-ML-VIVAZ/src/../../BIONIX-ML/bionix_ml/computacao/dispatcher_tensor.mojo:48:9: warning: try body doesn't raise an exception
        try:
        ^
Included from /mnt/c/PROJETOS/BIONIX/BIONIX-ML-VIVAZ/src/../../BIONIX-ML/bionix_ml/camadas/cnn/__init__.mojo:1:
Included from /mnt/c/PROJETOS/BIONIX/BIONIX-ML-VIVAZ/src/../../BIONIX-ML/bionix_ml/camadas/cnn/__init__.mojo:1:
Included from /mnt/c/PROJETOS/BIONIX/BIONIX-ML-VIVAZ/src/../../BIONIX-ML/bionix_ml/camadas/cnn/cnn.mojo:1:
/mnt/c/PROJETOS/BIONIX/BIONIX-ML-VIVAZ/src/../../BIONIX-ML/bionix_ml/nucleo/Tensor.mojo:118:20: warning: 'except' logic is unreachable, try doesn't raise an exception
            return False
                   ^
/mnt/c/PROJETOS/BIONIX/BIONIX-ML-VIVAZ/src/run_retina_train.mojo:11:50: warning: assignment to 'ctx' was never used; assign to '_' instead?
    var ctx = contexto_defs.criar_contexto_padrao("cpu")
                                                 ^
Included from /mnt/c/PROJETOS/BIONIX/BIONIX-ML-VIVAZ/src/run_retina_train.mojo:3:
/mnt/c/PROJETOS/BIONIX/BIONIX-ML-VIVAZ/src/retina/retina_model.mojo:182:59: warning: assignment to 'ok_block' was never used; assign to '_' instead?
                var ok_block = model_pkg.salvar_checkpoint(self.bloco_cnn, model_dir)
                                                          ^
Included from /mnt/c/PROJETOS/BIONIX/BIONIX-ML-VIVAZ/src/run_retina_train.mojo:3:
/mnt/c/PROJETOS/BIONIX/BIONIX-ML-VIVAZ/src/retina/retina_model.mojo:206:29: warning: assignment to 'okc' was never used; assign to '_' instead?
            var okc: Bool = False
                            ^
Included from /mnt/c/PROJETOS/BIONIX/BIONIX-ML-VIVAZ/src/run_retina_train.mojo:3:
/mnt/c/PROJETOS/BIONIX/BIONIX-ML-VIVAZ/src/retina/retina_model.mojo:184:17: warning: variable 'ok_block' was never used, remove it?
                ok_block = False
                ^
Included from /mnt/c/PROJETOS/BIONIX/BIONIX-ML-VIVAZ/src/run_retina_train.mojo:3:
/mnt/c/PROJETOS/BIONIX/BIONIX-ML-VIVAZ/src/retina/retina_model.mojo:350:21: warning: assignment to 'D' was never used; assign to '_' instead?
            var D = 0
                    ^
Included from /mnt/c/PROJETOS/BIONIX/BIONIX-ML-VIVAZ/src/run_retina_train.mojo:3:
/mnt/c/PROJETOS/BIONIX/BIONIX-ML-VIVAZ/src/retina/retina_model.mojo:345:51: warning: assignment to 'feats_t' was never used; assign to '_' instead?
            var feats_t = tensor_defs_local.Tensor(List[Int](), self.bloco_cnn.tipo_computacao)
                                                  ^
Included from /mnt/c/PROJETOS/BIONIX/BIONIX-ML-VIVAZ/src/run_retina_train.mojo:3:
/mnt/c/PROJETOS/BIONIX/BIONIX-ML-VIVAZ/src/retina/retina_model.mojo:298:30: warning: assignment to 'Dguess' was never used; assign to '_' instead?
                var Dguess = 0
                             ^
Included from /mnt/c/PROJETOS/BIONIX/BIONIX-ML-VIVAZ/src/run_retina_train.mojo:3:
Included from /mnt/c/PROJETOS/BIONIX/BIONIX-ML-VIVAZ/src/retina/retina_model.mojo:420:
/mnt/c/PROJETOS/BIONIX/BIONIX-ML-VIVAZ/src/retina/retina_trainer.mojo:616:64: warning: assignment to 'h_ratio' was never used; assign to '_' instead?
                                        var h_ratio: Float32 = 0.0
                                                               ^
Included from /mnt/c/PROJETOS/BIONIX/BIONIX-ML-VIVAZ/src/run_retina_train.mojo:3:
Included from /mnt/c/PROJETOS/BIONIX/BIONIX-ML-VIVAZ/src/retina/retina_model.mojo:420:
/mnt/c/PROJETOS/BIONIX/BIONIX-ML-VIVAZ/src/retina/retina_trainer.mojo:615:64: warning: assignment to 'w_ratio' was never used; assign to '_' instead?
                                        var w_ratio: Float32 = 0.0
                                                               ^
Included from /mnt/c/PROJETOS/BIONIX/BIONIX-ML-VIVAZ/src/run_retina_train.mojo:3:
Included from /mnt/c/PROJETOS/BIONIX/BIONIX-ML-VIVAZ/src/retina/retina_model.mojo:420:
/mnt/c/PROJETOS/BIONIX/BIONIX-ML-VIVAZ/src/retina/retina_trainer.mojo:614:68: warning: assignment to 'center_dist' was never used; assign to '_' instead?
                                        var center_dist: Float32 = 0.0
                                                                   ^
Included from /mnt/c/PROJETOS/BIONIX/BIONIX-ML-VIVAZ/src/run_retina_train.mojo:3:
Included from /mnt/c/PROJETOS/BIONIX/BIONIX-ML-VIVAZ/src/retina/retina_model.mojo:420:
/mnt/c/PROJETOS/BIONIX/BIONIX-ML-VIVAZ/src/retina/retina_trainer.mojo:590:60: warning: assignment to 'boxes' was never used; assign to '_' instead?
                                var boxes = List[List[Int]]()
                                                           ^
Included from /mnt/c/PROJETOS/BIONIX/BIONIX-ML-VIVAZ/src/run_retina_train.mojo:3:
Included from /mnt/c/PROJETOS/BIONIX/BIONIX-ML-VIVAZ/src/retina/retina_model.mojo:420:
/mnt/c/PROJETOS/BIONIX/BIONIX-ML-VIVAZ/src/retina/retina_trainer.mojo:462:48: warning: assignment to 'boxes' was never used; assign to '_' instead?
                    var boxes = List[List[Int]]()
                                               ^
Included from /mnt/c/PROJETOS/BIONIX/BIONIX-ML-VIVAZ/src/run_retina_train.mojo:3:
Included from /mnt/c/PROJETOS/BIONIX/BIONIX-ML-VIVAZ/src/retina/retina_model.mojo:420:
/mnt/c/PROJETOS/BIONIX/BIONIX-ML-VIVAZ/src/retina/retina_trainer.mojo:445:48: warning: assignment to 'raw_b_bytes' was never used; assign to '_' instead?
                    var raw_b_bytes = List[Int]()
                                               ^
Included from /mnt/c/PROJETOS/BIONIX/BIONIX-ML-VIVAZ/src/run_retina_train.mojo:3:
Included from /mnt/c/PROJETOS/BIONIX/BIONIX-ML-VIVAZ/src/retina/retina_model.mojo:420:
/mnt/c/PROJETOS/BIONIX/BIONIX-ML-VIVAZ/src/retina/retina_trainer.mojo:444:48: warning: assignment to 'raw_w_bytes' was never used; assign to '_' instead?
                    var raw_w_bytes = List[Int]()
                                               ^
Included from /mnt/c/PROJETOS/BIONIX/BIONIX-ML-VIVAZ/src/run_retina_train.mojo:3:
Included from /mnt/c/PROJETOS/BIONIX/BIONIX-ML-VIVAZ/src/retina/retina_model.mojo:420:
/mnt/c/PROJETOS/BIONIX/BIONIX-ML-VIVAZ/src/retina/retina_trainer.mojo:291:29: warning: assignment to 'D' was never used; assign to '_' instead?
                    var D = 0
                            ^
Included from /mnt/c/PROJETOS/BIONIX/BIONIX-ML-VIVAZ/src/run_retina_train.mojo:3:
Included from /mnt/c/PROJETOS/BIONIX/BIONIX-ML-VIVAZ/src/retina/retina_model.mojo:420:
/mnt/c/PROJETOS/BIONIX/BIONIX-ML-VIVAZ/src/retina/retina_trainer.mojo:274:61: warning: assignment to 'crop_rgb' was never used; assign to '_' instead?
                    var crop_rgb = List[List[List[Float32]]]()
                                                            ^
Included from /mnt/c/PROJETOS/BIONIX/BIONIX-ML-VIVAZ/src/run_retina_train.mojo:3:
Included from /mnt/c/PROJETOS/BIONIX/BIONIX-ML-VIVAZ/src/retina/retina_model.mojo:420:
/mnt/c/PROJETOS/BIONIX/BIONIX-ML-VIVAZ/src/retina/retina_trainer.mojo:216:93: warning: assignment to 'img_matrix' was never used; assign to '_' instead?
                    img_matrix = graficos_pkg.bmp.redimensionar_matriz_rgb_nearest_from_flat(bmp.flat_pixels.copy(), bmp.width, bmp.height, bmp.channels, altura, largura)
                                                                                            ^
Included from /mnt/c/PROJETOS/BIONIX/BIONIX-ML-VIVAZ/src/run_retina_train.mojo:3:
Included from /mnt/c/PROJETOS/BIONIX/BIONIX-ML-VIVAZ/src/retina/retina_model.mojo:420:
/mnt/c/PROJETOS/BIONIX/BIONIX-ML-VIVAZ/src/retina/retina_trainer.mojo:40:17: warning: assignment to 'h' was never used; assign to '_' instead?
        var h = -1; var w = -1
                ^
Included from /mnt/c/PROJETOS/BIONIX/BIONIX-ML-VIVAZ/src/run_retina_train.mojo:3:
Included from /mnt/c/PROJETOS/BIONIX/BIONIX-ML-VIVAZ/src/retina/retina_model.mojo:420:
/mnt/c/PROJETOS/BIONIX/BIONIX-ML-VIVAZ/src/retina/retina_trainer.mojo:40:29: warning: assignment to 'w' was never used; assign to '_' instead?
        var h = -1; var w = -1
                            ^
Included from /mnt/c/PROJETOS/BIONIX/BIONIX-ML-VIVAZ/src/run_retina_train.mojo:3:
Included from /mnt/c/PROJETOS/BIONIX/BIONIX-ML-VIVAZ/src/retina/retina_model.mojo:420:
/mnt/c/PROJETOS/BIONIX/BIONIX-ML-VIVAZ/src/retina/retina_trainer.mojo:101:25: warning: assignment to 'D' was never used; assign to '_' instead?
                var D = 0
                        ^
Included from /mnt/c/PROJETOS/BIONIX/BIONIX-ML-VIVAZ/src/run_retina_train.mojo:3:
Included from /mnt/c/PROJETOS/BIONIX/BIONIX-ML-VIVAZ/src/retina/retina_model.mojo:420:
Included from /mnt/c/PROJETOS/BIONIX/BIONIX-ML-VIVAZ/src/retina/retina_trainer.mojo:10:
/mnt/c/PROJETOS/BIONIX/BIONIX-ML-VIVAZ/src/retina/retina_anchor_generator.mojo:32:32: warning: assignment to 'scales_local' was never used; assign to '_' instead?
    scales_local = scales_local^
                               ^
Included from /mnt/c/PROJETOS/BIONIX/BIONIX-ML-VIVAZ/src/run_retina_train.mojo:3:
Included from /mnt/c/PROJETOS/BIONIX/BIONIX-ML-VIVAZ/src/retina/retina_model.mojo:420:
Included from /mnt/c/PROJETOS/BIONIX/BIONIX-ML-VIVAZ/src/retina/retina_trainer.mojo:11:
/mnt/c/PROJETOS/BIONIX/BIONIX-ML-VIVAZ/src/retina/retina_assigner.mojo:36:19: warning: assignment to 'i' was never used; assign to '_' instead?
    for i in range(N):
                  ^
/mnt/c/PROJETOS/BIONIX/BIONIX-ML-VIVAZ/src/../../BIONIX-ML/bionix_ml/graficos/__init__.mojo:106:28: warning: assignment to 'xx' was never used; assign to '_' instead?
            for xx in range(out_w):
                           ^
/mnt/c/PROJETOS/BIONIX/BIONIX-ML-VIVAZ/src/../../BIONIX-ML/bionix_ml/graficos/__init__.mojo:104:24: warning: assignment to 'yy' was never used; assign to '_' instead?
        for yy in range(out_h):
                       ^
Included from /mnt/c/PROJETOS/BIONIX/BIONIX-ML-VIVAZ/src/../../BIONIX-ML/bionix_ml/graficos/__init__.mojo:1:
/mnt/c/PROJETOS/BIONIX/BIONIX-ML-VIVAZ/src/../../BIONIX-ML/bionix_ml/graficos/bmp.mojo:67:28: warning: assignment to 'xx' was never used; assign to '_' instead?
            for xx in range(out_w):
                           ^
Included from /mnt/c/PROJETOS/BIONIX/BIONIX-ML-VIVAZ/src/../../BIONIX-ML/bionix_ml/graficos/__init__.mojo:1:
/mnt/c/PROJETOS/BIONIX/BIONIX-ML-VIVAZ/src/../../BIONIX-ML/bionix_ml/graficos/bmp.mojo:65:24: warning: assignment to 'yy' was never used; assign to '_' instead?
        for yy in range(out_h):
                       ^
Iniciando treino Retina minimal...
[DEBUG] run_retina_train: start marker
[DEBUG] run_retina_train: antes de criar RetinaFace
[DEBUG] RetinaFace.__init__: start; parametros.input_size= 320
[DEBUG] RetinaFace.__init__: criando bloco_cnn via model_pkg.criar_bloco_detector()
[DEBUG] criar_bloco_detector: parametros -> altura: 320 largura: 320 num_filtros: 6 kernel: 3 x 3
[DEBUG] criar_bloco_detector: BlocoCNN instanciado
[DEBUG] RetinaFace.__init__: bloco_cnn criado
[DEBUG] run_retina_train: RetinaFace criado
[DEBUG] run_retina_train: chamando detector.treinar()
[DEBUG] treinar_retina_minimal: entrada chamada; altura: 320 largura: 320 patch_size: 32 epocas: 3
[DEBUG] treinar_retina_minimal: detector.bloco_cnn dimensions maybe -> altura: 320 largura: 320
[DEBUG] treinar_retina_minimal: skipping model_pkg.carregar_checkpoint (temp)
[DEBUG] treinar_retina_minimal: before gerar_anchors, largura: 320
[DEBUG] treinar_retina_minimal: after gerar_anchors; anchors len: 6375
[DEBUG] treinar_retina_minimal: about to build class lists from dataset_dir: DATASET
[DEBUG] treinar_retina_minimal: class n000002 images: 315 total_images: 315
[DEBUG] treinar_retina_minimal: built class lists; classes: 1
[DEBUG] treinar_retina_minimal: class n000003 images: 205 total_images: 520
[DEBUG] treinar_retina_minimal: reached total_images limit ( 520 ) - stopping scan
#0 0x000074e0460019db llvm::sys::PrintStackTrace(llvm::raw_ostream&, int) (/mnt/c/PROJETOS/BIONIX/BIONIX-ML-VIVAZ/src/.pixi/envs/default/lib/libKGENCompilerRTShared.so+0x3c89db)
#1 0x000074e045fff2e6 llvm::sys::RunSignalHandlers() (/mnt/c/PROJETOS/BIONIX/BIONIX-ML-VIVAZ/src/.pixi/envs/default/lib/libKGENCompilerRTShared.so+0x3c62e6)
#2 0x000074e0460025e7 SignalHandler(int, siginfo_t*, void*) (/mnt/c/PROJETOS/BIONIX/BIONIX-ML-VIVAZ/src/.pixi/envs/default/lib/libKGENCompilerRTShared.so+0x3c95e7)
#3 0x000074e05ea45330 (/lib/x86_64-linux-gnu/libc.so.6+0x45330)
#4 0x000074dff8013838

To get symbolicated stack trace, compile your program using `mojo build` with debug info enabled, e.g. `-debug-level=line-tables`.
