✨ Pixi task (treinar_detector): mojo -I ../../BIONIX-ML treino_detector.mojo
/mnt/c/PROJETOS/BIONIX/BIONIX-ML-VIVAZ/src/treino_detector.mojo:22:11: warning: if statement with constant condition 'if False'
    if cfg.GERAR_RETANGULOS_FACE:
          ^
/mnt/c/PROJETOS/BIONIX/BIONIX-ML-VIVAZ/src/treino_detector.mojo:37:29: warning: 'List' is no longer implicitly copyable, because it is O(n) expensive; this warning will be an error in the next release of Mojo
            img_paths = pair[1]
                        ~~~~^~~
/mnt/c/PROJETOS/BIONIX/BIONIX-ML-VIVAZ/src/treino_detector.mojo:37:29: note: consider transferring the value with '^'
            img_paths = pair[1]
                            ^
                               ^
/mnt/c/PROJETOS/BIONIX/BIONIX-ML-VIVAZ/src/treino_detector.mojo:37:29: note: you can copy it explicitly with '.copy()'
            img_paths = pair[1]
                            ^
                               .copy()
/mnt/c/PROJETOS/BIONIX/BIONIX-ML-VIVAZ/src/treino_detector.mojo:43:29: warning: 'List' is no longer implicitly copyable, because it is O(n) expensive; this warning will be an error in the next release of Mojo
                embs.append(emb)
                            ^~~
/mnt/c/PROJETOS/BIONIX/BIONIX-ML-VIVAZ/src/treino_detector.mojo:43:29: note: consider transferring the value with '^'
                embs.append(emb)
                            ^
                               ^
/mnt/c/PROJETOS/BIONIX/BIONIX-ML-VIVAZ/src/treino_detector.mojo:43:29: note: you can copy it explicitly with '.copy()'
                embs.append(emb)
                            ^
                               .copy()
/mnt/c/PROJETOS/BIONIX/BIONIX-ML-VIVAZ/src/treino_detector.mojo:52:33: warning: 'List' is no longer implicitly copyable, because it is O(n) expensive; this warning will be an error in the next release of Mojo
                        a = embs[i]
                            ~~~~^~~
/mnt/c/PROJETOS/BIONIX/BIONIX-ML-VIVAZ/src/treino_detector.mojo:52:33: note: consider transferring the value with '^'
                        a = embs[i]
                                ^
                                   ^
/mnt/c/PROJETOS/BIONIX/BIONIX-ML-VIVAZ/src/treino_detector.mojo:52:33: note: you can copy it explicitly with '.copy()'
                        a = embs[i]
                                ^
                                   .copy()
/mnt/c/PROJETOS/BIONIX/BIONIX-ML-VIVAZ/src/treino_detector.mojo:53:33: warning: 'List' is no longer implicitly copyable, because it is O(n) expensive; this warning will be an error in the next release of Mojo
                        b = embs[j]
                            ~~~~^~~
/mnt/c/PROJETOS/BIONIX/BIONIX-ML-VIVAZ/src/treino_detector.mojo:53:33: note: consider transferring the value with '^'
                        b = embs[j]
                                ^
                                   ^
/mnt/c/PROJETOS/BIONIX/BIONIX-ML-VIVAZ/src/treino_detector.mojo:53:33: note: you can copy it explicitly with '.copy()'
                        b = embs[j]
                                ^
                                   .copy()
Included from /mnt/c/PROJETOS/BIONIX/BIONIX-ML-VIVAZ/src/treino_detector.mojo:10:
/mnt/c/PROJETOS/BIONIX/BIONIX-ML-VIVAZ/src/gerar_retangulos_face.mojo:74:8: warning: if statement with constant condition 'if True'
    if not cfg.GERAR_RETANGULOS_FACE:
       ^
Included from /mnt/c/PROJETOS/BIONIX/BIONIX-ML-VIVAZ/src/treino_detector.mojo:7:
/mnt/c/PROJETOS/BIONIX/BIONIX-ML-VIVAZ/src/amostrador.mojo:47:35: warning: 'List' is no longer implicitly copyable, because it is O(n) expensive; this warning will be an error in the next release of Mojo
        batch.append((ident_name, pick))
                                  ^~~~
Included from /mnt/c/PROJETOS/BIONIX/BIONIX-ML-VIVAZ/src/treino_detector.mojo:7:
/mnt/c/PROJETOS/BIONIX/BIONIX-ML-VIVAZ/src/amostrador.mojo:47:35: note: consider transferring the value with '^'
        batch.append((ident_name, pick))
                                  ^
                                      ^
Included from /mnt/c/PROJETOS/BIONIX/BIONIX-ML-VIVAZ/src/treino_detector.mojo:7:
/mnt/c/PROJETOS/BIONIX/BIONIX-ML-VIVAZ/src/amostrador.mojo:47:35: note: you can copy it explicitly with '.copy()'
        batch.append((ident_name, pick))
                                  ^
                                      .copy()
Included from /mnt/c/PROJETOS/BIONIX/BIONIX-ML-VIVAZ/src/treino_detector.mojo:7:
/mnt/c/PROJETOS/BIONIX/BIONIX-ML-VIVAZ/src/amostrador.mojo:48:12: warning: 'List' is no longer implicitly copyable, because it is O(n) expensive; this warning will be an error in the next release of Mojo
    return batch
           ^~~~~
Included from /mnt/c/PROJETOS/BIONIX/BIONIX-ML-VIVAZ/src/treino_detector.mojo:7:
/mnt/c/PROJETOS/BIONIX/BIONIX-ML-VIVAZ/src/amostrador.mojo:48:12: note: consider transferring the value with '^'
    return batch
           ^
                ^
Included from /mnt/c/PROJETOS/BIONIX/BIONIX-ML-VIVAZ/src/treino_detector.mojo:7:
/mnt/c/PROJETOS/BIONIX/BIONIX-ML-VIVAZ/src/amostrador.mojo:48:12: note: you can copy it explicitly with '.copy()'
    return batch
           ^
                .copy()
Included from /mnt/c/PROJETOS/BIONIX/BIONIX-ML-VIVAZ/src/treino_detector.mojo:8:
/mnt/c/PROJETOS/BIONIX/BIONIX-ML-VIVAZ/src/pre_processamento.mojo:36:148: warning: transfer from an owned value has no effect and can be removed
    var img_info = bmpmod.BMPInfo(0, 0, 0, 0, bmpmod.BMP_MODO_GRAYSCALE, List[List[List[Float32]]](), List[List[Float32]](), List[List[Float32]]())^
                                                                                                                                                   ^
                                                                                                                                                   
Included from /mnt/c/PROJETOS/BIONIX/BIONIX-ML-VIVAZ/src/treino_detector.mojo:8:
/mnt/c/PROJETOS/BIONIX/BIONIX-ML-VIVAZ/src/pre_processamento.mojo:38:52: warning: transfer from an owned value has no effect and can be removed
        img_info = dados_pkg.carregar_bmp_rgb(path)^
                                                   ^
                                                   
Included from /mnt/c/PROJETOS/BIONIX/BIONIX-ML-VIVAZ/src/treino_detector.mojo:8:
/mnt/c/PROJETOS/BIONIX/BIONIX-ML-VIVAZ/src/pre_processamento.mojo:42:38: warning: transfer from an owned value has no effect and can be removed
    var face = detect_and_align(path)^
                                     ^
                                     
Included from /mnt/c/PROJETOS/BIONIX/BIONIX-ML-VIVAZ/src/treino_detector.mojo:8:
/mnt/c/PROJETOS/BIONIX/BIONIX-ML-VIVAZ/src/pre_processamento.mojo:61:74: warning: transfer from an owned value has no effect and can be removed
                    return dados_pkg.carregar_bmp_rgb(path, new_h, new_w)^
                                                                         ^
                                                                         
Included from /mnt/c/PROJETOS/BIONIX/BIONIX-ML-VIVAZ/src/../../BIONIX-ML/bionix_ml/dados/__init__.mojo:1:
/mnt/c/PROJETOS/BIONIX/BIONIX-ML-VIVAZ/src/../../BIONIX-ML/bionix_ml/dados/__init__.mojo:53:48: warning: transfer from an owned value has no effect and can be removed
    return bmp.parse_bmp(caminho, BMP_MODO_RGB)^
                                               ^
                                               
Included from /mnt/c/PROJETOS/BIONIX/BIONIX-ML-VIVAZ/src/../../BIONIX-ML/bionix_ml/dados/__init__.mojo:1:
/mnt/c/PROJETOS/BIONIX/BIONIX-ML-VIVAZ/src/../../BIONIX-ML/bionix_ml/dados/__init__.mojo:57:75: warning: transfer from an owned value has no effect and can be removed
    return bmp.parse_bmp(caminho, BMP_MODO_RGB, altura_alvo, largura_alvo)^
                                                                          ^
                                                                          
Included from /mnt/c/PROJETOS/BIONIX/BIONIX-ML-VIVAZ/src/treino_detector.mojo:8:
Included from /mnt/c/PROJETOS/BIONIX/BIONIX-ML-VIVAZ/src/pre_processamento.mojo:7:
/mnt/c/PROJETOS/BIONIX/BIONIX-ML-VIVAZ/src/../../BIONIX-ML/bionix_ml/dados/bmp.mojo:44:126: warning: transfer from an owned value has no effect and can be removed
    return BMPInfo(0, 0, 0, 0, BMP_MODO_GRAYSCALE, List[List[List[Float32]]](), List[List[Float32]](), List[List[Float32]]())^
                                                                                                                             ^
                                                                                                                             
Included from /mnt/c/PROJETOS/BIONIX/BIONIX-ML-VIVAZ/src/treino_detector.mojo:8:
Included from /mnt/c/PROJETOS/BIONIX/BIONIX-ML-VIVAZ/src/pre_processamento.mojo:7:
/mnt/c/PROJETOS/BIONIX/BIONIX-ML-VIVAZ/src/../../BIONIX-ML/bionix_ml/dados/bmp.mojo:120:116: warning: transfer from an owned value has no effect and can be removed
        return BMPInfo(0, 0, 0, 0, modo, List[List[List[Float32]]](), List[List[Float32]](), List[List[Float32]]())^
                                                                                                                   ^
                                                                                                                   
Included from /mnt/c/PROJETOS/BIONIX/BIONIX-ML-VIVAZ/src/treino_detector.mojo:8:
Included from /mnt/c/PROJETOS/BIONIX/BIONIX-ML-VIVAZ/src/pre_processamento.mojo:7:
/mnt/c/PROJETOS/BIONIX/BIONIX-ML-VIVAZ/src/../../BIONIX-ML/bionix_ml/dados/bmp.mojo:137:116: warning: transfer from an owned value has no effect and can be removed
        return BMPInfo(0, 0, 0, 0, modo, List[List[List[Float32]]](), List[List[Float32]](), List[List[Float32]]())^
                                                                                                                   ^
                                                                                                                   
Included from /mnt/c/PROJETOS/BIONIX/BIONIX-ML-VIVAZ/src/treino_detector.mojo:8:
Included from /mnt/c/PROJETOS/BIONIX/BIONIX-ML-VIVAZ/src/pre_processamento.mojo:7:
/mnt/c/PROJETOS/BIONIX/BIONIX-ML-VIVAZ/src/../../BIONIX-ML/bionix_ml/dados/bmp.mojo:140:116: warning: transfer from an owned value has no effect and can be removed
        return BMPInfo(0, 0, 0, 0, modo, List[List[List[Float32]]](), List[List[Float32]](), List[List[Float32]]())^
                                                                                                                   ^
                                                                                                                   
Included from /mnt/c/PROJETOS/BIONIX/BIONIX-ML-VIVAZ/src/treino_detector.mojo:8:
Included from /mnt/c/PROJETOS/BIONIX/BIONIX-ML-VIVAZ/src/pre_processamento.mojo:7:
/mnt/c/PROJETOS/BIONIX/BIONIX-ML-VIVAZ/src/../../BIONIX-ML/bionix_ml/dados/bmp.mojo:194:77: warning: 'List' is no longer implicitly copyable, because it is O(n) expensive; this warning will be an error in the next release of Mojo
    return BMPInfo(width, height, bits_per_pixel, pixel_array_offset, modo, pixels, grayscale, preto_branco)^
                                                                            ^~~~~~
Included from /mnt/c/PROJETOS/BIONIX/BIONIX-ML-VIVAZ/src/treino_detector.mojo:8:
Included from /mnt/c/PROJETOS/BIONIX/BIONIX-ML-VIVAZ/src/pre_processamento.mojo:7:
/mnt/c/PROJETOS/BIONIX/BIONIX-ML-VIVAZ/src/../../BIONIX-ML/bionix_ml/dados/bmp.mojo:194:77: note: consider transferring the value with '^'
    return BMPInfo(width, height, bits_per_pixel, pixel_array_offset, modo, pixels, grayscale, preto_branco)^
                                                                            ^
                                                                                  ^
Included from /mnt/c/PROJETOS/BIONIX/BIONIX-ML-VIVAZ/src/treino_detector.mojo:8:
Included from /mnt/c/PROJETOS/BIONIX/BIONIX-ML-VIVAZ/src/pre_processamento.mojo:7:
/mnt/c/PROJETOS/BIONIX/BIONIX-ML-VIVAZ/src/../../BIONIX-ML/bionix_ml/dados/bmp.mojo:194:77: note: you can copy it explicitly with '.copy()'
    return BMPInfo(width, height, bits_per_pixel, pixel_array_offset, modo, pixels, grayscale, preto_branco)^
                                                                            ^
                                                                                  .copy()
Included from /mnt/c/PROJETOS/BIONIX/BIONIX-ML-VIVAZ/src/treino_detector.mojo:8:
Included from /mnt/c/PROJETOS/BIONIX/BIONIX-ML-VIVAZ/src/pre_processamento.mojo:7:
/mnt/c/PROJETOS/BIONIX/BIONIX-ML-VIVAZ/src/../../BIONIX-ML/bionix_ml/dados/bmp.mojo:194:85: warning: 'List' is no longer implicitly copyable, because it is O(n) expensive; this warning will be an error in the next release of Mojo
    return BMPInfo(width, height, bits_per_pixel, pixel_array_offset, modo, pixels, grayscale, preto_branco)^
                                                                                    ^~~~~~~~~
Included from /mnt/c/PROJETOS/BIONIX/BIONIX-ML-VIVAZ/src/treino_detector.mojo:8:
Included from /mnt/c/PROJETOS/BIONIX/BIONIX-ML-VIVAZ/src/pre_processamento.mojo:7:
/mnt/c/PROJETOS/BIONIX/BIONIX-ML-VIVAZ/src/../../BIONIX-ML/bionix_ml/dados/bmp.mojo:194:85: note: consider transferring the value with '^'
    return BMPInfo(width, height, bits_per_pixel, pixel_array_offset, modo, pixels, grayscale, preto_branco)^
                                                                                    ^
                                                                                             ^
Included from /mnt/c/PROJETOS/BIONIX/BIONIX-ML-VIVAZ/src/treino_detector.mojo:8:
Included from /mnt/c/PROJETOS/BIONIX/BIONIX-ML-VIVAZ/src/pre_processamento.mojo:7:
/mnt/c/PROJETOS/BIONIX/BIONIX-ML-VIVAZ/src/../../BIONIX-ML/bionix_ml/dados/bmp.mojo:194:85: note: you can copy it explicitly with '.copy()'
    return BMPInfo(width, height, bits_per_pixel, pixel_array_offset, modo, pixels, grayscale, preto_branco)^
                                                                                    ^
                                                                                             .copy()
Included from /mnt/c/PROJETOS/BIONIX/BIONIX-ML-VIVAZ/src/treino_detector.mojo:8:
Included from /mnt/c/PROJETOS/BIONIX/BIONIX-ML-VIVAZ/src/pre_processamento.mojo:7:
/mnt/c/PROJETOS/BIONIX/BIONIX-ML-VIVAZ/src/../../BIONIX-ML/bionix_ml/dados/bmp.mojo:194:96: warning: 'List' is no longer implicitly copyable, because it is O(n) expensive; this warning will be an error in the next release of Mojo
    return BMPInfo(width, height, bits_per_pixel, pixel_array_offset, modo, pixels, grayscale, preto_branco)^
                                                                                               ^~~~~~~~~~~~
Included from /mnt/c/PROJETOS/BIONIX/BIONIX-ML-VIVAZ/src/treino_detector.mojo:8:
Included from /mnt/c/PROJETOS/BIONIX/BIONIX-ML-VIVAZ/src/pre_processamento.mojo:7:
/mnt/c/PROJETOS/BIONIX/BIONIX-ML-VIVAZ/src/../../BIONIX-ML/bionix_ml/dados/bmp.mojo:194:96: note: consider transferring the value with '^'
    return BMPInfo(width, height, bits_per_pixel, pixel_array_offset, modo, pixels, grayscale, preto_branco)^
                                                                                               ^
                                                                                                           ^
Included from /mnt/c/PROJETOS/BIONIX/BIONIX-ML-VIVAZ/src/treino_detector.mojo:8:
Included from /mnt/c/PROJETOS/BIONIX/BIONIX-ML-VIVAZ/src/pre_processamento.mojo:7:
/mnt/c/PROJETOS/BIONIX/BIONIX-ML-VIVAZ/src/../../BIONIX-ML/bionix_ml/dados/bmp.mojo:194:96: note: you can copy it explicitly with '.copy()'
    return BMPInfo(width, height, bits_per_pixel, pixel_array_offset, modo, pixels, grayscale, preto_branco)^
                                                                                               ^
                                                                                                           .copy()
Included from /mnt/c/PROJETOS/BIONIX/BIONIX-ML-VIVAZ/src/treino_detector.mojo:8:
Included from /mnt/c/PROJETOS/BIONIX/BIONIX-ML-VIVAZ/src/pre_processamento.mojo:7:
/mnt/c/PROJETOS/BIONIX/BIONIX-ML-VIVAZ/src/../../BIONIX-ML/bionix_ml/dados/bmp.mojo:194:109: warning: transfer from an owned value has no effect and can be removed
    return BMPInfo(width, height, bits_per_pixel, pixel_array_offset, modo, pixels, grayscale, preto_branco)^
                                                                                                            ^
                                                                                                            
Included from /mnt/c/PROJETOS/BIONIX/BIONIX-ML-VIVAZ/src/treino_detector.mojo:8:
Included from /mnt/c/PROJETOS/BIONIX/BIONIX-ML-VIVAZ/src/pre_processamento.mojo:7:
/mnt/c/PROJETOS/BIONIX/BIONIX-ML-VIVAZ/src/../../BIONIX-ML/bionix_ml/dados/bmp.mojo:205:70: warning: 'List' is no longer implicitly copyable, because it is O(n) expensive; this warning will be an error in the next release of Mojo
        var px_redim = graficos.redimensionar_matriz_rgb_nearest(info.pixels, altura_alvo, largura_alvo)
                                                                 ~~~~^~~~~~~
Included from /mnt/c/PROJETOS/BIONIX/BIONIX-ML-VIVAZ/src/treino_detector.mojo:8:
Included from /mnt/c/PROJETOS/BIONIX/BIONIX-ML-VIVAZ/src/pre_processamento.mojo:7:
/mnt/c/PROJETOS/BIONIX/BIONIX-ML-VIVAZ/src/../../BIONIX-ML/bionix_ml/dados/bmp.mojo:205:70: note: consider transferring the value with '^'
        var px_redim = graficos.redimensionar_matriz_rgb_nearest(info.pixels, altura_alvo, largura_alvo)
                                                                     ^
                                                                            ^
Included from /mnt/c/PROJETOS/BIONIX/BIONIX-ML-VIVAZ/src/treino_detector.mojo:8:
Included from /mnt/c/PROJETOS/BIONIX/BIONIX-ML-VIVAZ/src/pre_processamento.mojo:7:
/mnt/c/PROJETOS/BIONIX/BIONIX-ML-VIVAZ/src/../../BIONIX-ML/bionix_ml/dados/bmp.mojo:205:70: note: you can copy it explicitly with '.copy()'
        var px_redim = graficos.redimensionar_matriz_rgb_nearest(info.pixels, altura_alvo, largura_alvo)
                                                                     ^
                                                                            .copy()
Included from /mnt/c/PROJETOS/BIONIX/BIONIX-ML-VIVAZ/src/treino_detector.mojo:8:
Included from /mnt/c/PROJETOS/BIONIX/BIONIX-ML-VIVAZ/src/pre_processamento.mojo:7:
/mnt/c/PROJETOS/BIONIX/BIONIX-ML-VIVAZ/src/../../BIONIX-ML/bionix_ml/dados/bmp.mojo:206:164: warning: transfer from an owned value has no effect and can be removed
        return BMPInfo(largura_alvo, altura_alvo, info.bits_per_pixel, info.pixel_array_offset, info.modo, px_redim^, List[List[Float32]](), List[List[Float32]]())^
                                                                                                                                                                   ^
                                                                                                                                                                   
Included from /mnt/c/PROJETOS/BIONIX/BIONIX-ML-VIVAZ/src/treino_detector.mojo:8:
Included from /mnt/c/PROJETOS/BIONIX/BIONIX-ML-VIVAZ/src/pre_processamento.mojo:7:
/mnt/c/PROJETOS/BIONIX/BIONIX-ML-VIVAZ/src/../../BIONIX-ML/bionix_ml/dados/bmp.mojo:209:79: warning: 'List' is no longer implicitly copyable, because it is O(n) expensive; this warning will be an error in the next release of Mojo
        var pb_redim = graficos.redimensionar_matriz_preto_branco_nearest(info.preto_branco, altura_alvo, largura_alvo)
                                                                          ~~~~^~~~~~~~~~~~~
Included from /mnt/c/PROJETOS/BIONIX/BIONIX-ML-VIVAZ/src/treino_detector.mojo:8:
Included from /mnt/c/PROJETOS/BIONIX/BIONIX-ML-VIVAZ/src/pre_processamento.mojo:7:
/mnt/c/PROJETOS/BIONIX/BIONIX-ML-VIVAZ/src/../../BIONIX-ML/bionix_ml/dados/bmp.mojo:209:79: note: consider transferring the value with '^'
        var pb_redim = graficos.redimensionar_matriz_preto_branco_nearest(info.preto_branco, altura_alvo, largura_alvo)
                                                                              ^
                                                                                           ^
Included from /mnt/c/PROJETOS/BIONIX/BIONIX-ML-VIVAZ/src/treino_detector.mojo:8:
Included from /mnt/c/PROJETOS/BIONIX/BIONIX-ML-VIVAZ/src/pre_processamento.mojo:7:
/mnt/c/PROJETOS/BIONIX/BIONIX-ML-VIVAZ/src/../../BIONIX-ML/bionix_ml/dados/bmp.mojo:209:79: note: you can copy it explicitly with '.copy()'
        var pb_redim = graficos.redimensionar_matriz_preto_branco_nearest(info.preto_branco, altura_alvo, largura_alvo)
                                                                              ^
                                                                                           .copy()
Included from /mnt/c/PROJETOS/BIONIX/BIONIX-ML-VIVAZ/src/treino_detector.mojo:8:
Included from /mnt/c/PROJETOS/BIONIX/BIONIX-ML-VIVAZ/src/pre_processamento.mojo:7:
/mnt/c/PROJETOS/BIONIX/BIONIX-ML-VIVAZ/src/../../BIONIX-ML/bionix_ml/dados/bmp.mojo:210:170: warning: transfer from an owned value has no effect and can be removed
        return BMPInfo(largura_alvo, altura_alvo, info.bits_per_pixel, info.pixel_array_offset, info.modo, List[List[List[Float32]]](), List[List[Float32]](), pb_redim^)^
                                                                                                                                                                         ^
                                                                                                                                                                         
Included from /mnt/c/PROJETOS/BIONIX/BIONIX-ML-VIVAZ/src/treino_detector.mojo:8:
Included from /mnt/c/PROJETOS/BIONIX/BIONIX-ML-VIVAZ/src/pre_processamento.mojo:7:
/mnt/c/PROJETOS/BIONIX/BIONIX-ML-VIVAZ/src/../../BIONIX-ML/bionix_ml/dados/bmp.mojo:212:72: warning: 'List' is no longer implicitly copyable, because it is O(n) expensive; this warning will be an error in the next release of Mojo
    var gs_redim = graficos.redimensionar_matriz_grayscale_nearest(info.grayscale, altura_alvo, largura_alvo)
                                                                   ~~~~^~~~~~~~~~
Included from /mnt/c/PROJETOS/BIONIX/BIONIX-ML-VIVAZ/src/treino_detector.mojo:8:
Included from /mnt/c/PROJETOS/BIONIX/BIONIX-ML-VIVAZ/src/pre_processamento.mojo:7:
/mnt/c/PROJETOS/BIONIX/BIONIX-ML-VIVAZ/src/../../BIONIX-ML/bionix_ml/dados/bmp.mojo:212:72: note: consider transferring the value with '^'
    var gs_redim = graficos.redimensionar_matriz_grayscale_nearest(info.grayscale, altura_alvo, largura_alvo)
                                                                       ^
                                                                                 ^
Included from /mnt/c/PROJETOS/BIONIX/BIONIX-ML-VIVAZ/src/treino_detector.mojo:8:
Included from /mnt/c/PROJETOS/BIONIX/BIONIX-ML-VIVAZ/src/pre_processamento.mojo:7:
/mnt/c/PROJETOS/BIONIX/BIONIX-ML-VIVAZ/src/../../BIONIX-ML/bionix_ml/dados/bmp.mojo:212:72: note: you can copy it explicitly with '.copy()'
    var gs_redim = graficos.redimensionar_matriz_grayscale_nearest(info.grayscale, altura_alvo, largura_alvo)
                                                                       ^
                                                                                 .copy()
Included from /mnt/c/PROJETOS/BIONIX/BIONIX-ML-VIVAZ/src/treino_detector.mojo:8:
Included from /mnt/c/PROJETOS/BIONIX/BIONIX-ML-VIVAZ/src/pre_processamento.mojo:7:
/mnt/c/PROJETOS/BIONIX/BIONIX-ML-VIVAZ/src/../../BIONIX-ML/bionix_ml/dados/bmp.mojo:213:166: warning: transfer from an owned value has no effect and can be removed
    return BMPInfo(largura_alvo, altura_alvo, info.bits_per_pixel, info.pixel_array_offset, info.modo, List[List[List[Float32]]](), gs_redim^, List[List[Float32]]())^
                                                                                                                                                                     ^
                                                                                                                                                                     
Included from /mnt/c/PROJETOS/BIONIX/BIONIX-ML-VIVAZ/src/treino_detector.mojo:9:
/mnt/c/PROJETOS/BIONIX/BIONIX-ML-VIVAZ/src/extrair_embeddings.mojo:38:16: warning: 'List' is no longer implicitly copyable, because it is O(n) expensive; this warning will be an error in the next release of Mojo
        return zeros
               ^~~~~
Included from /mnt/c/PROJETOS/BIONIX/BIONIX-ML-VIVAZ/src/treino_detector.mojo:9:
/mnt/c/PROJETOS/BIONIX/BIONIX-ML-VIVAZ/src/extrair_embeddings.mojo:38:16: note: consider transferring the value with '^'
        return zeros
               ^
                    ^
Included from /mnt/c/PROJETOS/BIONIX/BIONIX-ML-VIVAZ/src/treino_detector.mojo:9:
/mnt/c/PROJETOS/BIONIX/BIONIX-ML-VIVAZ/src/extrair_embeddings.mojo:38:16: note: you can copy it explicitly with '.copy()'
        return zeros
               ^
                    .copy()
Included from /mnt/c/PROJETOS/BIONIX/BIONIX-ML-VIVAZ/src/treino_detector.mojo:9:
/mnt/c/PROJETOS/BIONIX/BIONIX-ML-VIVAZ/src/extrair_embeddings.mojo:43:12: warning: 'List' is no longer implicitly copyable, because it is O(n) expensive; this warning will be an error in the next release of Mojo
    return out
           ^~~
Included from /mnt/c/PROJETOS/BIONIX/BIONIX-ML-VIVAZ/src/treino_detector.mojo:9:
/mnt/c/PROJETOS/BIONIX/BIONIX-ML-VIVAZ/src/extrair_embeddings.mojo:43:12: note: consider transferring the value with '^'
    return out
           ^
              ^
Included from /mnt/c/PROJETOS/BIONIX/BIONIX-ML-VIVAZ/src/treino_detector.mojo:9:
/mnt/c/PROJETOS/BIONIX/BIONIX-ML-VIVAZ/src/extrair_embeddings.mojo:43:12: note: you can copy it explicitly with '.copy()'
    return out
           ^
              .copy()
Included from /mnt/c/PROJETOS/BIONIX/BIONIX-ML-VIVAZ/src/../../BIONIX-ML/bionix_ml/graficos/__init__.mojo:1:
Included from /mnt/c/PROJETOS/BIONIX/BIONIX-ML-VIVAZ/src/../../BIONIX-ML/bionix_ml/graficos/__init__.mojo:1:
/mnt/c/PROJETOS/BIONIX/BIONIX-ML-VIVAZ/src/../../BIONIX-ML/bionix_ml/graficos/bmp.mojo:52:51: warning: 'List' is no longer implicitly copyable, because it is O(n) expensive; this warning will be an error in the next release of Mojo
    return redimensionar_matriz_grayscale_nearest(origem, altura_alvo, largura_alvo)
                                                  ^~~~~~
Included from /mnt/c/PROJETOS/BIONIX/BIONIX-ML-VIVAZ/src/../../BIONIX-ML/bionix_ml/graficos/__init__.mojo:1:
Included from /mnt/c/PROJETOS/BIONIX/BIONIX-ML-VIVAZ/src/../../BIONIX-ML/bionix_ml/graficos/__init__.mojo:1:
/mnt/c/PROJETOS/BIONIX/BIONIX-ML-VIVAZ/src/../../BIONIX-ML/bionix_ml/graficos/bmp.mojo:52:51: note: consider transferring the value with '^'
    return redimensionar_matriz_grayscale_nearest(origem, altura_alvo, largura_alvo)
                                                  ^
                                                        ^
Included from /mnt/c/PROJETOS/BIONIX/BIONIX-ML-VIVAZ/src/../../BIONIX-ML/bionix_ml/graficos/__init__.mojo:1:
Included from /mnt/c/PROJETOS/BIONIX/BIONIX-ML-VIVAZ/src/../../BIONIX-ML/bionix_ml/graficos/__init__.mojo:1:
/mnt/c/PROJETOS/BIONIX/BIONIX-ML-VIVAZ/src/../../BIONIX-ML/bionix_ml/graficos/bmp.mojo:52:51: note: you can copy it explicitly with '.copy()'
    return redimensionar_matriz_grayscale_nearest(origem, altura_alvo, largura_alvo)
                                                  ^
                                                        .copy()
Included from /mnt/c/PROJETOS/BIONIX/BIONIX-ML-VIVAZ/src/../../BIONIX-ML/bionix_ml/graficos/__init__.mojo:1:
Included from /mnt/c/PROJETOS/BIONIX/BIONIX-ML-VIVAZ/src/../../BIONIX-ML/bionix_ml/graficos/__init__.mojo:1:
/mnt/c/PROJETOS/BIONIX/BIONIX-ML-VIVAZ/src/../../BIONIX-ML/bionix_ml/graficos/bmp.mojo:82:39: warning: 'List' is no longer implicitly copyable, because it is O(n) expensive; this warning will be an error in the next release of Mojo
            var src_px = origem[src_y][src_x]
                         ~~~~~~~~~~~~~^~~~~~~
Included from /mnt/c/PROJETOS/BIONIX/BIONIX-ML-VIVAZ/src/../../BIONIX-ML/bionix_ml/graficos/__init__.mojo:1:
Included from /mnt/c/PROJETOS/BIONIX/BIONIX-ML-VIVAZ/src/../../BIONIX-ML/bionix_ml/graficos/__init__.mojo:1:
/mnt/c/PROJETOS/BIONIX/BIONIX-ML-VIVAZ/src/../../BIONIX-ML/bionix_ml/graficos/bmp.mojo:82:39: note: consider transferring the value with '^'
            var src_px = origem[src_y][src_x]
                                      ^
                                             ^
Included from /mnt/c/PROJETOS/BIONIX/BIONIX-ML-VIVAZ/src/../../BIONIX-ML/bionix_ml/graficos/__init__.mojo:1:
Included from /mnt/c/PROJETOS/BIONIX/BIONIX-ML-VIVAZ/src/../../BIONIX-ML/bionix_ml/graficos/__init__.mojo:1:
/mnt/c/PROJETOS/BIONIX/BIONIX-ML-VIVAZ/src/../../BIONIX-ML/bionix_ml/graficos/bmp.mojo:82:39: note: you can copy it explicitly with '.copy()'
            var src_px = origem[src_y][src_x]
                                      ^
                                             .copy()
Included from /mnt/c/PROJETOS/BIONIX/BIONIX-ML-VIVAZ/src/treino_detector.mojo:10:
/mnt/c/PROJETOS/BIONIX/BIONIX-ML-VIVAZ/src/gerar_retangulos_face.mojo:47:31: warning: 'List' is no longer implicitly copyable, because it is O(n) expensive; this warning will be an error in the next release of Mojo
                    bbox = res[1]
                           ~~~^~~
Included from /mnt/c/PROJETOS/BIONIX/BIONIX-ML-VIVAZ/src/treino_detector.mojo:10:
/mnt/c/PROJETOS/BIONIX/BIONIX-ML-VIVAZ/src/gerar_retangulos_face.mojo:47:31: note: consider transferring the value with '^'
                    bbox = res[1]
                              ^
                                 ^
Included from /mnt/c/PROJETOS/BIONIX/BIONIX-ML-VIVAZ/src/treino_detector.mojo:10:
/mnt/c/PROJETOS/BIONIX/BIONIX-ML-VIVAZ/src/gerar_retangulos_face.mojo:47:31: note: you can copy it explicitly with '.copy()'
                    bbox = res[1]
                              ^
                                 .copy()
Included from /mnt/c/PROJETOS/BIONIX/BIONIX-ML-VIVAZ/src/treino_detector.mojo:7:
/mnt/c/PROJETOS/BIONIX/BIONIX-ML-VIVAZ/src/amostrador.mojo:17:12: warning: 'List' is no longer implicitly copyable, because it is O(n) expensive; this warning will be an error in the next release of Mojo
    return idents
           ^~~~~~
Included from /mnt/c/PROJETOS/BIONIX/BIONIX-ML-VIVAZ/src/treino_detector.mojo:7:
/mnt/c/PROJETOS/BIONIX/BIONIX-ML-VIVAZ/src/amostrador.mojo:17:12: note: consider transferring the value with '^'
    return idents
           ^
                 ^
Included from /mnt/c/PROJETOS/BIONIX/BIONIX-ML-VIVAZ/src/treino_detector.mojo:7:
/mnt/c/PROJETOS/BIONIX/BIONIX-ML-VIVAZ/src/amostrador.mojo:17:12: note: you can copy it explicitly with '.copy()'
    return idents
           ^
                 .copy()
Included from /mnt/c/PROJETOS/BIONIX/BIONIX-ML-VIVAZ/src/treino_detector.mojo:9:
/mnt/c/PROJETOS/BIONIX/BIONIX-ML-VIVAZ/src/extrair_embeddings.mojo:8:19: warning: Use `str.codepoints()` or `str.codepoint_slices()` instead.
        for ch in s:
                  ^
/mnt/c/PROJETOS/BIONIX/BIONIX-ML-VIVAZ/src/treino_detector.mojo:1:1: note: '__iter__' declared here
# Ponto de entrada de treino (Mojo) - produção POC
Included from /mnt/c/PROJETOS/BIONIX/BIONIX-ML-VIVAZ/src/treino_detector.mojo:10:
Included from /mnt/c/PROJETOS/BIONIX/BIONIX-ML-VIVAZ/src/gerar_retangulos_face.mojo:6:
/mnt/c/PROJETOS/BIONIX/BIONIX-ML-VIVAZ/src/adaptadores/detectar_face.mojo:92:52: warning: transfer from an owned value has no effect and can be removed
            info = dados_pkg.carregar_bmp_rgb(path)^
                                                   ^
                                                   
Included from /mnt/c/PROJETOS/BIONIX/BIONIX-ML-VIVAZ/src/treino_detector.mojo:10:
Included from /mnt/c/PROJETOS/BIONIX/BIONIX-ML-VIVAZ/src/gerar_retangulos_face.mojo:6:
/mnt/c/PROJETOS/BIONIX/BIONIX-ML-VIVAZ/src/adaptadores/detectar_face.mojo:139:55: warning: transfer from an owned value has no effect and can be removed
        var cropped = _center_crop_bmpinfo(info^, 0.7)^
                                                      ^
                                                      
Included from /mnt/c/PROJETOS/BIONIX/BIONIX-ML-VIVAZ/src/treino_detector.mojo:10:
Included from /mnt/c/PROJETOS/BIONIX/BIONIX-ML-VIVAZ/src/gerar_retangulos_face.mojo:6:
/mnt/c/PROJETOS/BIONIX/BIONIX-ML-VIVAZ/src/adaptadores/detectar_face.mojo:151:52: warning: transfer from an owned value has no effect and can be removed
            info = dados_pkg.carregar_bmp_rgb(path)^
                                                   ^
                                                   
Included from /mnt/c/PROJETOS/BIONIX/BIONIX-ML-VIVAZ/src/treino_detector.mojo:10:
Included from /mnt/c/PROJETOS/BIONIX/BIONIX-ML-VIVAZ/src/gerar_retangulos_face.mojo:6:
/mnt/c/PROJETOS/BIONIX/BIONIX-ML-VIVAZ/src/adaptadores/detectar_face.mojo:168:55: warning: transfer from an owned value has no effect and can be removed
        var cropped = _center_crop_bmpinfo(info^, 0.7)^
                                                      ^
                                                      
Included from /mnt/c/PROJETOS/BIONIX/BIONIX-ML-VIVAZ/src/treino_detector.mojo:10:
Included from /mnt/c/PROJETOS/BIONIX/BIONIX-ML-VIVAZ/src/gerar_retangulos_face.mojo:6:
/mnt/c/PROJETOS/BIONIX/BIONIX-ML-VIVAZ/src/adaptadores/detectar_face.mojo:58:47: warning: 'List' is no longer implicitly copyable, because it is O(n) expensive; this warning will be an error in the next release of Mojo
                    row.append(info.pixels[ry][rx])
                               ~~~~~~~~~~~~~~~^~~~
Included from /mnt/c/PROJETOS/BIONIX/BIONIX-ML-VIVAZ/src/treino_detector.mojo:10:
Included from /mnt/c/PROJETOS/BIONIX/BIONIX-ML-VIVAZ/src/gerar_retangulos_face.mojo:6:
/mnt/c/PROJETOS/BIONIX/BIONIX-ML-VIVAZ/src/adaptadores/detectar_face.mojo:58:47: note: consider transferring the value with '^'
                    row.append(info.pixels[ry][rx])
                                              ^
                                                  ^
Included from /mnt/c/PROJETOS/BIONIX/BIONIX-ML-VIVAZ/src/treino_detector.mojo:10:
Included from /mnt/c/PROJETOS/BIONIX/BIONIX-ML-VIVAZ/src/gerar_retangulos_face.mojo:6:
/mnt/c/PROJETOS/BIONIX/BIONIX-ML-VIVAZ/src/adaptadores/detectar_face.mojo:58:47: note: you can copy it explicitly with '.copy()'
                    row.append(info.pixels[ry][rx])
                                              ^
                                                  .copy()
Included from /mnt/c/PROJETOS/BIONIX/BIONIX-ML-VIVAZ/src/treino_detector.mojo:10:
Included from /mnt/c/PROJETOS/BIONIX/BIONIX-ML-VIVAZ/src/gerar_retangulos_face.mojo:6:
/mnt/c/PROJETOS/BIONIX/BIONIX-ML-VIVAZ/src/adaptadores/detectar_face.mojo:59:35: warning: 'List' is no longer implicitly copyable, because it is O(n) expensive; this warning will be an error in the next release of Mojo
                new_pixels.append(row)
                                  ^~~
Included from /mnt/c/PROJETOS/BIONIX/BIONIX-ML-VIVAZ/src/treino_detector.mojo:10:
Included from /mnt/c/PROJETOS/BIONIX/BIONIX-ML-VIVAZ/src/gerar_retangulos_face.mojo:6:
/mnt/c/PROJETOS/BIONIX/BIONIX-ML-VIVAZ/src/adaptadores/detectar_face.mojo:59:35: note: consider transferring the value with '^'
                new_pixels.append(row)
                                  ^
                                     ^
Included from /mnt/c/PROJETOS/BIONIX/BIONIX-ML-VIVAZ/src/treino_detector.mojo:10:
Included from /mnt/c/PROJETOS/BIONIX/BIONIX-ML-VIVAZ/src/gerar_retangulos_face.mojo:6:
/mnt/c/PROJETOS/BIONIX/BIONIX-ML-VIVAZ/src/adaptadores/detectar_face.mojo:59:35: note: you can copy it explicitly with '.copy()'
                new_pixels.append(row)
                                  ^
                                     .copy()
Included from /mnt/c/PROJETOS/BIONIX/BIONIX-ML-VIVAZ/src/treino_detector.mojo:10:
Included from /mnt/c/PROJETOS/BIONIX/BIONIX-ML-VIVAZ/src/gerar_retangulos_face.mojo:6:
/mnt/c/PROJETOS/BIONIX/BIONIX-ML-VIVAZ/src/adaptadores/detectar_face.mojo:68:33: warning: 'List' is no longer implicitly copyable, because it is O(n) expensive; this warning will be an error in the next release of Mojo
                new_gray.append(rowg)
                                ^~~~
Included from /mnt/c/PROJETOS/BIONIX/BIONIX-ML-VIVAZ/src/treino_detector.mojo:10:
Included from /mnt/c/PROJETOS/BIONIX/BIONIX-ML-VIVAZ/src/gerar_retangulos_face.mojo:6:
/mnt/c/PROJETOS/BIONIX/BIONIX-ML-VIVAZ/src/adaptadores/detectar_face.mojo:68:33: note: consider transferring the value with '^'
                new_gray.append(rowg)
                                ^
                                    ^
Included from /mnt/c/PROJETOS/BIONIX/BIONIX-ML-VIVAZ/src/treino_detector.mojo:10:
Included from /mnt/c/PROJETOS/BIONIX/BIONIX-ML-VIVAZ/src/gerar_retangulos_face.mojo:6:
/mnt/c/PROJETOS/BIONIX/BIONIX-ML-VIVAZ/src/adaptadores/detectar_face.mojo:68:33: note: you can copy it explicitly with '.copy()'
                new_gray.append(rowg)
                                ^
                                    .copy()
Included from /mnt/c/PROJETOS/BIONIX/BIONIX-ML-VIVAZ/src/treino_detector.mojo:10:
Included from /mnt/c/PROJETOS/BIONIX/BIONIX-ML-VIVAZ/src/gerar_retangulos_face.mojo:6:
/mnt/c/PROJETOS/BIONIX/BIONIX-ML-VIVAZ/src/adaptadores/detectar_face.mojo:77:31: warning: 'List' is no longer implicitly copyable, because it is O(n) expensive; this warning will be an error in the next release of Mojo
                new_pb.append(rowpb)
                              ^~~~~
Included from /mnt/c/PROJETOS/BIONIX/BIONIX-ML-VIVAZ/src/treino_detector.mojo:10:
Included from /mnt/c/PROJETOS/BIONIX/BIONIX-ML-VIVAZ/src/gerar_retangulos_face.mojo:6:
/mnt/c/PROJETOS/BIONIX/BIONIX-ML-VIVAZ/src/adaptadores/detectar_face.mojo:77:31: note: consider transferring the value with '^'
                new_pb.append(rowpb)
                              ^
                                   ^
Included from /mnt/c/PROJETOS/BIONIX/BIONIX-ML-VIVAZ/src/treino_detector.mojo:10:
Included from /mnt/c/PROJETOS/BIONIX/BIONIX-ML-VIVAZ/src/gerar_retangulos_face.mojo:6:
/mnt/c/PROJETOS/BIONIX/BIONIX-ML-VIVAZ/src/adaptadores/detectar_face.mojo:77:31: note: you can copy it explicitly with '.copy()'
                new_pb.append(rowpb)
                              ^
                                   .copy()
Included from /mnt/c/PROJETOS/BIONIX/BIONIX-ML-VIVAZ/src/treino_detector.mojo:8:
/mnt/c/PROJETOS/BIONIX/BIONIX-ML-VIVAZ/src/pre_processamento.mojo:77:28: warning: 'except' logic is unreachable, try doesn't raise an exception
                return face^
                           ^
Included from /mnt/c/PROJETOS/BIONIX/BIONIX-ML-VIVAZ/src/treino_detector.mojo:8:
/mnt/c/PROJETOS/BIONIX/BIONIX-ML-VIVAZ/src/pre_processamento.mojo:87:19: warning: 'except' logic is unreachable, try doesn't raise an exception
            print("[pre_processamento] falha no resize do crop")
                  ^
Included from /mnt/c/PROJETOS/BIONIX/BIONIX-ML-VIVAZ/src/treino_detector.mojo:8:
/mnt/c/PROJETOS/BIONIX/BIONIX-ML-VIVAZ/src/pre_processamento.mojo:52:32: warning: 'except' logic is unreachable, try doesn't raise an exception
                return img_info^
                               ^
Included from /mnt/c/PROJETOS/BIONIX/BIONIX-ML-VIVAZ/src/treino_detector.mojo:8:
/mnt/c/PROJETOS/BIONIX/BIONIX-ML-VIVAZ/src/pre_processamento.mojo:66:19: warning: 'except' logic is unreachable, try doesn't raise an exception
            print("[pre_processamento] falha no resize")
                  ^
Included from /mnt/c/PROJETOS/BIONIX/BIONIX-ML-VIVAZ/src/treino_detector.mojo:9:
/mnt/c/PROJETOS/BIONIX/BIONIX-ML-VIVAZ/src/extrair_embeddings.mojo:11:9: warning: 'except' logic is unreachable, try doesn't raise an exception
        for ch in "obj":
        ^
Included from /mnt/c/PROJETOS/BIONIX/BIONIX-ML-VIVAZ/src/treino_detector.mojo:10:
Included from /mnt/c/PROJETOS/BIONIX/BIONIX-ML-VIVAZ/src/gerar_retangulos_face.mojo:6:
/mnt/c/PROJETOS/BIONIX/BIONIX-ML-VIVAZ/src/adaptadores/detectar_face.mojo:83:15: warning: 'except' logic is unreachable, try doesn't raise an exception
        print("[adaptadores.detectar_face] crop falhou")
              ^
/mnt/c/PROJETOS/BIONIX/BIONIX-ML-VIVAZ/src/treino_detector.mojo:36:28: warning: assignment to 'identity' was never used; assign to '_' instead?
            identity = pair[0]
                           ^
/mnt/c/PROJETOS/BIONIX/BIONIX-ML-VIVAZ/src/treino_detector.mojo:18:34: warning: assignment to 'weights_path' was never used; assign to '_' instead?
    var weights_path = model_dir + "/weights.bin"
                                 ^
Included from /mnt/c/PROJETOS/BIONIX/BIONIX-ML-VIVAZ/src/treino_detector.mojo:8:
/mnt/c/PROJETOS/BIONIX/BIONIX-ML-VIVAZ/src/pre_processamento.mojo:36:148: warning: assignment to 'img_info' was never used; assign to '_' instead?
    var img_info = bmpmod.BMPInfo(0, 0, 0, 0, bmpmod.BMP_MODO_GRAYSCALE, List[List[List[Float32]]](), List[List[Float32]](), List[List[Float32]]())^
                                                                                                                                                   ^
Included from /mnt/c/PROJETOS/BIONIX/BIONIX-ML-VIVAZ/src/treino_detector.mojo:8:
/mnt/c/PROJETOS/BIONIX/BIONIX-ML-VIVAZ/src/pre_processamento.mojo:79:25: warning: assignment to 'new_w' was never used; assign to '_' instead?
                new_w = target_short_side
                        ^
Included from /mnt/c/PROJETOS/BIONIX/BIONIX-ML-VIVAZ/src/treino_detector.mojo:8:
/mnt/c/PROJETOS/BIONIX/BIONIX-ML-VIVAZ/src/pre_processamento.mojo:80:28: warning: assignment to 'new_h' was never used; assign to '_' instead?
                new_h = Int((h * target_short_side) / w)
                           ^
Included from /mnt/c/PROJETOS/BIONIX/BIONIX-ML-VIVAZ/src/treino_detector.mojo:8:
/mnt/c/PROJETOS/BIONIX/BIONIX-ML-VIVAZ/src/pre_processamento.mojo:82:25: warning: assignment to 'new_h' was never used; assign to '_' instead?
                new_h = target_short_side
                        ^
Included from /mnt/c/PROJETOS/BIONIX/BIONIX-ML-VIVAZ/src/treino_detector.mojo:8:
/mnt/c/PROJETOS/BIONIX/BIONIX-ML-VIVAZ/src/pre_processamento.mojo:83:28: warning: assignment to 'new_w' was never used; assign to '_' instead?
                new_w = Int((w * target_short_side) / h)
                           ^
Included from /mnt/c/PROJETOS/BIONIX/BIONIX-ML-VIVAZ/src/treino_detector.mojo:8:
/mnt/c/PROJETOS/BIONIX/BIONIX-ML-VIVAZ/src/pre_processamento.mojo:86:16: warning: variable 'Exception' was never used, remove it?
        except Exception:
               ^
Included from /mnt/c/PROJETOS/BIONIX/BIONIX-ML-VIVAZ/src/treino_detector.mojo:8:
/mnt/c/PROJETOS/BIONIX/BIONIX-ML-VIVAZ/src/pre_processamento.mojo:76:20: warning: variable 'Exception' was never used, remove it?
            except Exception:
                   ^
Included from /mnt/c/PROJETOS/BIONIX/BIONIX-ML-VIVAZ/src/treino_detector.mojo:8:
/mnt/c/PROJETOS/BIONIX/BIONIX-ML-VIVAZ/src/pre_processamento.mojo:65:16: warning: variable 'Exception' was never used, remove it?
        except Exception:
               ^
Included from /mnt/c/PROJETOS/BIONIX/BIONIX-ML-VIVAZ/src/treino_detector.mojo:8:
/mnt/c/PROJETOS/BIONIX/BIONIX-ML-VIVAZ/src/pre_processamento.mojo:51:20: warning: variable 'Exception' was never used, remove it?
            except Exception:
                   ^
Included from /mnt/c/PROJETOS/BIONIX/BIONIX-ML-VIVAZ/src/treino_detector.mojo:9:
/mnt/c/PROJETOS/BIONIX/BIONIX-ML-VIVAZ/src/extrair_embeddings.mojo:10:12: warning: variable 'Exception' was never used, remove it?
    except Exception:
           ^
Included from /mnt/c/PROJETOS/BIONIX/BIONIX-ML-VIVAZ/src/treino_detector.mojo:9:
/mnt/c/PROJETOS/BIONIX/BIONIX-ML-VIVAZ/src/extrair_embeddings.mojo:25:19: warning: assignment to 'i' was never used; assign to '_' instead?
    for i in range(dim):
                  ^
Included from /mnt/c/PROJETOS/BIONIX/BIONIX-ML-VIVAZ/src/treino_detector.mojo:10:
Included from /mnt/c/PROJETOS/BIONIX/BIONIX-ML-VIVAZ/src/gerar_retangulos_face.mojo:6:
/mnt/c/PROJETOS/BIONIX/BIONIX-ML-VIVAZ/src/adaptadores/detectar_face.mojo:17:24: warning: assignment to 'short' was never used; assign to '_' instead?
        var short = Int(0)
                       ^
Included from /mnt/c/PROJETOS/BIONIX/BIONIX-ML-VIVAZ/src/treino_detector.mojo:10:
Included from /mnt/c/PROJETOS/BIONIX/BIONIX-ML-VIVAZ/src/gerar_retangulos_face.mojo:6:
/mnt/c/PROJETOS/BIONIX/BIONIX-ML-VIVAZ/src/adaptadores/detectar_face.mojo:82:12: warning: variable 'Exception' was never used, remove it?
    except Exception:
           ^
Included from /mnt/c/PROJETOS/BIONIX/BIONIX-ML-VIVAZ/src/treino_detector.mojo:10:
Included from /mnt/c/PROJETOS/BIONIX/BIONIX-ML-VIVAZ/src/gerar_retangulos_face.mojo:6:
/mnt/c/PROJETOS/BIONIX/BIONIX-ML-VIVAZ/src/adaptadores/detectar_face.mojo:149:35: warning: assignment to 'info' was never used; assign to '_' instead?
        var info = bmpmod.zero_bmp()
                                  ^
Included from /mnt/c/PROJETOS/BIONIX/BIONIX-ML-VIVAZ/src/treino_detector.mojo:10:
Included from /mnt/c/PROJETOS/BIONIX/BIONIX-ML-VIVAZ/src/gerar_retangulos_face.mojo:6:
/mnt/c/PROJETOS/BIONIX/BIONIX-ML-VIVAZ/src/adaptadores/detectar_face.mojo:159:24: warning: assignment to 'short' was never used; assign to '_' instead?
        var short = Int(0)
                       ^
Iniciando treino POC (só um esqueleto)...
Epoch 1 / 3
[?25h