/mnt/c/PROJETOS/BIONIX/BIONIX-ML-VIVAZ/src/treino_detector.mojo:17:11: warning: if statement with constant condition 'if False'
/mnt/c/PROJETOS/BIONIX/BIONIX-ML-VIVAZ/src/gerar_retangulos_face.mojo:74:8: warning: if statement with constant condition 'if True'
/mnt/c/PROJETOS/BIONIX/BIONIX-ML-VIVAZ/src/detector_dataset.mojo:68:41: warning: 'List' is no longer implicitly copyable, because it is O(n) expensive; this warning will be an error in the next release of Mojo
/mnt/c/PROJETOS/BIONIX/BIONIX-ML-VIVAZ/src/detector_dataset.mojo:71:83: warning: 'List' is no longer implicitly copyable, because it is O(n) expensive; this warning will be an error in the next release of Mojo
/mnt/c/PROJETOS/BIONIX/BIONIX-ML-VIVAZ/src/detector_dataset.mojo:93:42: warning: 'List' is no longer implicitly copyable, because it is O(n) expensive; this warning will be an error in the next release of Mojo
/mnt/c/PROJETOS/BIONIX/BIONIX-ML-VIVAZ/src/detector_dataset.mojo:96:84: warning: 'List' is no longer implicitly copyable, because it is O(n) expensive; this warning will be an error in the next release of Mojo
/mnt/c/PROJETOS/BIONIX/BIONIX-ML-VIVAZ/src/detector_model.mojo:149:78: warning: 'List' is no longer implicitly copyable, because it is O(n) expensive; this warning will be an error in the next release of Mojo
/mnt/c/PROJETOS/BIONIX/BIONIX-ML-VIVAZ/src/detector_model.mojo:150:98: warning: 'List' is no longer implicitly copyable, because it is O(n) expensive; this warning will be an error in the next release of Mojo
/mnt/c/PROJETOS/BIONIX/BIONIX-ML-VIVAZ/src/../../BIONIX-ML/bionix_ml/dados/__init__.mojo:40:52: warning: 'List' is no longer implicitly copyable, because it is O(n) expensive; this warning will be an error in the next release of Mojo
/mnt/c/PROJETOS/BIONIX/BIONIX-ML-VIVAZ/src/gerar_retangulos_face.mojo:47:31: warning: 'List' is no longer implicitly copyable, because it is O(n) expensive; this warning will be an error in the next release of Mojo
/mnt/c/PROJETOS/BIONIX/BIONIX-ML-VIVAZ/src/../../BIONIX-ML/bionix_ml/dados/__init__.mojo:53:48: warning: transfer from an owned value has no effect and can be removed
/mnt/c/PROJETOS/BIONIX/BIONIX-ML-VIVAZ/src/../../BIONIX-ML/bionix_ml/dados/__init__.mojo:57:75: warning: transfer from an owned value has no effect and can be removed
/mnt/c/PROJETOS/BIONIX/BIONIX-ML-VIVAZ/src/../../BIONIX-ML/bionix_ml/dados/bmp.mojo:44:126: warning: transfer from an owned value has no effect and can be removed
/mnt/c/PROJETOS/BIONIX/BIONIX-ML-VIVAZ/src/../../BIONIX-ML/bionix_ml/dados/bmp.mojo:120:116: warning: transfer from an owned value has no effect and can be removed
/mnt/c/PROJETOS/BIONIX/BIONIX-ML-VIVAZ/src/../../BIONIX-ML/bionix_ml/dados/bmp.mojo:137:116: warning: transfer from an owned value has no effect and can be removed
/mnt/c/PROJETOS/BIONIX/BIONIX-ML-VIVAZ/src/../../BIONIX-ML/bionix_ml/dados/bmp.mojo:140:116: warning: transfer from an owned value has no effect and can be removed
/mnt/c/PROJETOS/BIONIX/BIONIX-ML-VIVAZ/src/../../BIONIX-ML/bionix_ml/dados/bmp.mojo:194:77: warning: 'List' is no longer implicitly copyable, because it is O(n) expensive; this warning will be an error in the next release of Mojo
/mnt/c/PROJETOS/BIONIX/BIONIX-ML-VIVAZ/src/../../BIONIX-ML/bionix_ml/dados/bmp.mojo:194:85: warning: 'List' is no longer implicitly copyable, because it is O(n) expensive; this warning will be an error in the next release of Mojo
/mnt/c/PROJETOS/BIONIX/BIONIX-ML-VIVAZ/src/../../BIONIX-ML/bionix_ml/dados/bmp.mojo:194:96: warning: 'List' is no longer implicitly copyable, because it is O(n) expensive; this warning will be an error in the next release of Mojo
/mnt/c/PROJETOS/BIONIX/BIONIX-ML-VIVAZ/src/../../BIONIX-ML/bionix_ml/dados/bmp.mojo:194:109: warning: transfer from an owned value has no effect and can be removed
/mnt/c/PROJETOS/BIONIX/BIONIX-ML-VIVAZ/src/../../BIONIX-ML/bionix_ml/dados/bmp.mojo:205:70: warning: 'List' is no longer implicitly copyable, because it is O(n) expensive; this warning will be an error in the next release of Mojo
/mnt/c/PROJETOS/BIONIX/BIONIX-ML-VIVAZ/src/../../BIONIX-ML/bionix_ml/dados/bmp.mojo:206:164: warning: transfer from an owned value has no effect and can be removed
/mnt/c/PROJETOS/BIONIX/BIONIX-ML-VIVAZ/src/../../BIONIX-ML/bionix_ml/dados/bmp.mojo:209:79: warning: 'List' is no longer implicitly copyable, because it is O(n) expensive; this warning will be an error in the next release of Mojo
/mnt/c/PROJETOS/BIONIX/BIONIX-ML-VIVAZ/src/../../BIONIX-ML/bionix_ml/dados/bmp.mojo:210:170: warning: transfer from an owned value has no effect and can be removed
/mnt/c/PROJETOS/BIONIX/BIONIX-ML-VIVAZ/src/../../BIONIX-ML/bionix_ml/dados/bmp.mojo:212:72: warning: 'List' is no longer implicitly copyable, because it is O(n) expensive; this warning will be an error in the next release of Mojo
/mnt/c/PROJETOS/BIONIX/BIONIX-ML-VIVAZ/src/../../BIONIX-ML/bionix_ml/dados/bmp.mojo:213:166: warning: transfer from an owned value has no effect and can be removed
/mnt/c/PROJETOS/BIONIX/BIONIX-ML-VIVAZ/src/../../BIONIX-ML/bionix_ml/graficos/bmp.mojo:52:51: warning: 'List' is no longer implicitly copyable, because it is O(n) expensive; this warning will be an error in the next release of Mojo
/mnt/c/PROJETOS/BIONIX/BIONIX-ML-VIVAZ/src/../../BIONIX-ML/bionix_ml/graficos/bmp.mojo:82:39: warning: 'List' is no longer implicitly copyable, because it is O(n) expensive; this warning will be an error in the next release of Mojo
/mnt/c/PROJETOS/BIONIX/BIONIX-ML-VIVAZ/src/adaptadores/detectar_face.mojo:92:52: warning: transfer from an owned value has no effect and can be removed
/mnt/c/PROJETOS/BIONIX/BIONIX-ML-VIVAZ/src/adaptadores/detectar_face.mojo:139:55: warning: transfer from an owned value has no effect and can be removed
/mnt/c/PROJETOS/BIONIX/BIONIX-ML-VIVAZ/src/adaptadores/detectar_face.mojo:58:47: warning: 'List' is no longer implicitly copyable, because it is O(n) expensive; this warning will be an error in the next release of Mojo
/mnt/c/PROJETOS/BIONIX/BIONIX-ML-VIVAZ/src/adaptadores/detectar_face.mojo:59:35: warning: 'List' is no longer implicitly copyable, because it is O(n) expensive; this warning will be an error in the next release of Mojo
/mnt/c/PROJETOS/BIONIX/BIONIX-ML-VIVAZ/src/adaptadores/detectar_face.mojo:68:33: warning: 'List' is no longer implicitly copyable, because it is O(n) expensive; this warning will be an error in the next release of Mojo
/mnt/c/PROJETOS/BIONIX/BIONIX-ML-VIVAZ/src/adaptadores/detectar_face.mojo:77:31: warning: 'List' is no longer implicitly copyable, because it is O(n) expensive; this warning will be an error in the next release of Mojo
/mnt/c/PROJETOS/BIONIX/BIONIX-ML-VIVAZ/src/detector_dataset.mojo:63:42: warning: 'except' logic is unreachable, try doesn't raise an exception
/mnt/c/PROJETOS/BIONIX/BIONIX-ML-VIVAZ/src/detector_model.mojo:95:33: warning: 'except' logic is unreachable, try doesn't raise an exception
/mnt/c/PROJETOS/BIONIX/BIONIX-ML-VIVAZ/src/detector_model.mojo:114:32: warning: 'except' logic is unreachable, try doesn't raise an exception
/mnt/c/PROJETOS/BIONIX/BIONIX-ML-VIVAZ/src/detector_model.mojo:164:16: warning: 'except' logic is unreachable, try doesn't raise an exception
/mnt/c/PROJETOS/BIONIX/BIONIX-ML-VIVAZ/src/detector_model.mojo:176:16: warning: 'except' logic is unreachable, try doesn't raise an exception
/mnt/c/PROJETOS/BIONIX/BIONIX-ML-VIVAZ/src/../../BIONIX-ML/bionix_ml/computacao/cuda/conjunto_de_buffers_dispositivo.mojo:29:9: warning: unreachable code after return statement
/mnt/c/PROJETOS/BIONIX/BIONIX-ML-VIVAZ/src/../../BIONIX-ML/bionix_ml/computacao/dispatcher_tensor.mojo:48:9: warning: try body doesn't raise an exception
/mnt/c/PROJETOS/BIONIX/BIONIX-ML-VIVAZ/src/../../BIONIX-ML/bionix_ml/computacao/storage_sessao.mojo:70:16: warning: 'except' logic is unreachable, try doesn't raise an exception
/mnt/c/PROJETOS/BIONIX/BIONIX-ML-VIVAZ/src/../../BIONIX-ML/bionix_ml/uteis/arquivo.mojo:50:20: warning: 'except' logic is unreachable, try doesn't raise an exception
/mnt/c/PROJETOS/BIONIX/BIONIX-ML-VIVAZ/src/detector_dataset.mojo:41:42: warning: assignment to 'img' was never used; assign to '_' instead?
/mnt/c/PROJETOS/BIONIX/BIONIX-ML-VIVAZ/src/detector_dataset.mojo:31:36: warning: assignment to 'arquivos' was never used; assign to '_' instead?
/mnt/c/PROJETOS/BIONIX/BIONIX-ML-VIVAZ/src/detector_dataset.mojo:11:39: warning: assignment to 'det' was never used; assign to '_' instead?
/mnt/c/PROJETOS/BIONIX/BIONIX-ML-VIVAZ/src/detector_dataset.mojo:12:31: warning: assignment to 'classes' was never used; assign to '_' instead?
/mnt/c/PROJETOS/BIONIX/BIONIX-ML-VIVAZ/src/detector_dataset.mojo:14:39: warning: assignment to 'det' was never used; assign to '_' instead?
/mnt/c/PROJETOS/BIONIX/BIONIX-ML-VIVAZ/src/detector_model.mojo:91:42: warning: assignment to 'v' was never used; assign to '_' instead?
/mnt/c/PROJETOS/BIONIX/BIONIX-ML-VIVAZ/src/detector_model.mojo:109:41: warning: assignment to 'prob' was never used; assign to '_' instead?
/mnt/c/PROJETOS/BIONIX/BIONIX-ML-VIVAZ/src/detector_model.mojo:55:39: warning: assignment to 'feats' was never used; assign to '_' instead?
